2020-01-03 00:01:47,572 INFO o.a.j.u.JMeterUtils: Setting Locale to en_EN
2020-01-03 00:01:47,604 INFO o.a.j.JMeter: Loading user properties from: C:\Users\34684\apache-jmeter-5.2.1\apache-jmeter-5.2.1\bin\user.properties
2020-01-03 00:01:47,604 INFO o.a.j.JMeter: Loading system properties from: C:\Users\34684\apache-jmeter-5.2.1\apache-jmeter-5.2.1\bin\system.properties
2020-01-03 00:01:47,604 INFO o.a.j.JMeter: Copyright (c) 1998-2019 The Apache Software Foundation
2020-01-03 00:01:47,604 INFO o.a.j.JMeter: Version 5.2.1
2020-01-03 00:01:47,604 INFO o.a.j.JMeter: java.version=1.8.0_221
2020-01-03 00:01:47,604 INFO o.a.j.JMeter: java.vm.name=Java HotSpot(TM) 64-Bit Server VM
2020-01-03 00:01:47,604 INFO o.a.j.JMeter: os.name=Windows 10
2020-01-03 00:01:47,613 INFO o.a.j.JMeter: os.arch=amd64
2020-01-03 00:01:47,613 INFO o.a.j.JMeter: os.version=10.0
2020-01-03 00:01:47,613 INFO o.a.j.JMeter: file.encoding=GBK
2020-01-03 00:01:47,613 INFO o.a.j.JMeter: java.awt.headless=true
2020-01-03 00:01:47,613 INFO o.a.j.JMeter: Max memory     =1073741824
2020-01-03 00:01:47,613 INFO o.a.j.JMeter: Available Processors =4
2020-01-03 00:01:47,613 INFO o.a.j.JMeter: Default Locale=English (EN)
2020-01-03 00:01:47,613 INFO o.a.j.JMeter: JMeter  Locale=English (EN)
2020-01-03 00:01:47,613 INFO o.a.j.JMeter: JMeterHome=C:\Users\34684\apache-jmeter-5.2.1\apache-jmeter-5.2.1
2020-01-03 00:01:47,613 INFO o.a.j.JMeter: user.dir  =C:\Users\34684\Desktop\meethere-jmeter-test\search-my-order
2020-01-03 00:01:47,613 INFO o.a.j.JMeter: PWD       =C:\Users\34684\Desktop\meethere-jmeter-test\search-my-order
2020-01-03 00:01:52,151 INFO o.a.j.JMeter: IP: 10.0.75.1 Name: DESKTOP-3UEGUL8 FullName: DESKTOP-3UEGUL8
2020-01-03 00:01:52,151 INFO o.a.j.JMeter: Setting property 'jmeter.reportgenerator.outputdir' to:'C:\Users\34684\Desktop\meethere-jmeter-test\search-my-order\report'
2020-01-03 00:01:52,151 INFO o.a.j.s.FileServer: Default base='C:\Users\34684\Desktop\meethere-jmeter-test\search-my-order'
2020-01-03 00:01:52,170 INFO o.a.j.s.FileServer: Set new base='C:\Users\34684\Desktop\meethere-jmeter-test\search-my-order'
2020-01-03 00:01:52,314 INFO o.a.j.s.SaveService: Testplan (JMX) version: 2.2. Testlog (JTL) version: 2.2
2020-01-03 00:01:52,329 INFO o.a.j.s.SaveService: Using SaveService properties file encoding UTF-8
2020-01-03 00:01:52,329 INFO o.a.j.s.SaveService: Using SaveService properties version 5.0
2020-01-03 00:01:52,345 INFO o.a.j.s.SaveService: Loading file: test.jmx
2020-01-03 00:01:52,400 INFO o.a.j.p.h.s.HTTPSamplerBase: Parser for text/html is org.apache.jmeter.protocol.http.parser.LagartoBasedHtmlParser
2020-01-03 00:01:52,400 INFO o.a.j.p.h.s.HTTPSamplerBase: Parser for application/xhtml+xml is org.apache.jmeter.protocol.http.parser.LagartoBasedHtmlParser
2020-01-03 00:01:52,400 INFO o.a.j.p.h.s.HTTPSamplerBase: Parser for application/xml is org.apache.jmeter.protocol.http.parser.LagartoBasedHtmlParser
2020-01-03 00:01:52,400 INFO o.a.j.p.h.s.HTTPSamplerBase: Parser for text/xml is org.apache.jmeter.protocol.http.parser.LagartoBasedHtmlParser
2020-01-03 00:01:52,400 INFO o.a.j.p.h.s.HTTPSamplerBase: Parser for text/vnd.wap.wml is org.apache.jmeter.protocol.http.parser.RegexpHTMLParser
2020-01-03 00:01:52,400 INFO o.a.j.p.h.s.HTTPSamplerBase: Parser for text/css is org.apache.jmeter.protocol.http.parser.CssParser
2020-01-03 00:01:52,510 INFO o.a.j.JMeter: Creating summariser <summary>
2020-01-03 00:01:52,510 INFO o.a.j.r.d.ReportGenerator: ReportGenerator will use for Parsing the separator: ','
2020-01-03 00:01:52,510 INFO o.a.j.r.d.ReportGenerator: Will generate report at end of test from  results file: test.jtl
2020-01-03 00:01:52,510 INFO o.a.j.r.d.ReportGenerator: Reading report generator properties from: C:\Users\34684\apache-jmeter-5.2.1\apache-jmeter-5.2.1\bin\reportgenerator.properties
2020-01-03 00:01:52,510 INFO o.a.j.r.d.ReportGenerator: Merging with JMeter properties
2020-01-03 00:01:52,525 INFO o.a.j.r.c.ReportGeneratorConfiguration: Property 'jmeter.reportgenerator.temp_dir' not found, using default value 'temp' instead.
2020-01-03 00:01:52,525 INFO o.a.j.r.c.ReportGeneratorConfiguration: Property 'jmeter.reportgenerator.apdex_per_transaction' not found, using default value 'null' instead.
2020-01-03 00:01:52,525 INFO o.a.j.r.c.ReportGeneratorConfiguration: apdex_per_transaction is empty, not APDEX per transaction customization
2020-01-03 00:01:52,525 INFO o.a.j.r.c.ReportGeneratorConfiguration: Property 'jmeter.reportgenerator.sample_filter' not found, using default value 'null' instead.
2020-01-03 00:01:52,525 INFO o.a.j.r.c.ReportGeneratorConfiguration: Property 'jmeter.reportgenerator.report_title' not found, using default value 'null' instead.
2020-01-03 00:01:52,525 INFO o.a.j.r.c.ReportGeneratorConfiguration: Property 'jmeter.reportgenerator.start_date' not found, using default value 'null' instead.
2020-01-03 00:01:52,525 INFO o.a.j.r.c.ReportGeneratorConfiguration: Property 'jmeter.reportgenerator.end_date' not found, using default value 'null' instead.
2020-01-03 00:01:52,525 INFO o.a.j.r.c.ReportGeneratorConfiguration: Property 'jmeter.reportgenerator.date_format' not found, using default value 'null' instead.
2020-01-03 00:01:52,525 INFO o.a.j.r.c.ReportGeneratorConfiguration: Will use date range start date: null, end date: null
2020-01-03 00:01:52,541 INFO o.a.j.r.c.ReportGeneratorConfiguration: Property 'jmeter.reportgenerator.graph.totalTPS.exclude_controllers' not found, using default value 'false' instead.
2020-01-03 00:01:52,541 INFO o.a.j.r.c.ReportGeneratorConfiguration: Property 'jmeter.reportgenerator.graph.activeThreadsOverTime.exclude_controllers' not found, using default value 'false' instead.
2020-01-03 00:01:52,541 INFO o.a.j.r.c.ReportGeneratorConfiguration: Property 'jmeter.reportgenerator.graph.timeVsThreads.exclude_controllers' not found, using default value 'false' instead.
2020-01-03 00:01:52,541 INFO o.a.j.r.c.ReportGeneratorConfiguration: Property 'jmeter.reportgenerator.graph.responseTimeDistribution.exclude_controllers' not found, using default value 'false' instead.
2020-01-03 00:01:52,541 INFO o.a.j.r.c.ReportGeneratorConfiguration: Property 'jmeter.reportgenerator.graph.transactionsPerSecond.exclude_controllers' not found, using default value 'false' instead.
2020-01-03 00:01:52,541 INFO o.a.j.r.c.ReportGeneratorConfiguration: Property 'jmeter.reportgenerator.graph.responseTimePercentiles.exclude_controllers' not found, using default value 'false' instead.
2020-01-03 00:01:52,541 INFO o.a.j.r.c.ReportGeneratorConfiguration: Property 'jmeter.reportgenerator.graph.responseTimePercentilesOverTime.exclude_controllers' not found, using default value 'false' instead.
2020-01-03 00:01:52,541 INFO o.a.j.r.c.ReportGeneratorConfiguration: Property 'jmeter.reportgenerator.graph.responseTimesOverTime.exclude_controllers' not found, using default value 'false' instead.
2020-01-03 00:01:52,541 INFO o.a.j.r.c.ReportGeneratorConfiguration: Property 'jmeter.reportgenerator.graph.connectTimeOverTime.exclude_controllers' not found, using default value 'false' instead.
2020-01-03 00:01:52,541 INFO o.a.j.r.c.ReportGeneratorConfiguration: Property 'jmeter.reportgenerator.graph.latenciesOverTime.exclude_controllers' not found, using default value 'false' instead.
2020-01-03 00:01:52,541 INFO o.a.j.r.c.ReportGeneratorConfiguration: Property 'jmeter.reportgenerator.exporter.json.filters_only_sample_series' not found, using default value 'true' instead.
2020-01-03 00:01:52,541 INFO o.a.j.r.c.ReportGeneratorConfiguration: Property 'jmeter.reportgenerator.exporter.json.series_filter' not found, using default value '' instead.
2020-01-03 00:01:52,541 INFO o.a.j.r.c.ReportGeneratorConfiguration: Property 'jmeter.reportgenerator.exporter.json.show_controllers_only' not found, using default value 'false' instead.
2020-01-03 00:01:52,541 INFO o.a.j.r.c.ReportGeneratorConfiguration: Property 'jmeter.reportgenerator.exporter.html.filters_only_sample_series' not found, using default value 'true' instead.
2020-01-03 00:01:52,541 INFO o.a.j.r.c.ReportGeneratorConfiguration: Property 'jmeter.reportgenerator.exporter.html.series_filter' not found, using default value '' instead.
2020-01-03 00:01:52,541 INFO o.a.j.r.c.ReportGeneratorConfiguration: Property 'jmeter.reportgenerator.exporter.html.show_controllers_only' not found, using default value 'false' instead.
2020-01-03 00:01:52,557 INFO o.a.j.e.StandardJMeterEngine: Running the test!
2020-01-03 00:01:52,557 INFO o.a.j.s.SampleEvent: List of sample_variables: []
2020-01-03 00:01:52,557 INFO o.a.j.s.SampleEvent: List of sample_variables: []
2020-01-03 00:01:52,557 INFO o.a.j.e.u.CompoundVariable: Note: Function class names must contain the string: '.functions.'
2020-01-03 00:01:52,557 INFO o.a.j.e.u.CompoundVariable: Note: Function class names must not contain the string: '.gui.'
2020-01-03 00:01:53,064 INFO o.a.j.JMeter: Running test (1577980913064)
2020-01-03 00:01:53,119 INFO o.a.j.e.StandardJMeterEngine: Starting ThreadGroup: 1 : 登录
2020-01-03 00:01:53,119 INFO o.a.j.e.StandardJMeterEngine: Starting 1 threads for group 登录.
2020-01-03 00:01:53,119 INFO o.a.j.e.StandardJMeterEngine: Thread will continue on error
2020-01-03 00:01:53,119 INFO k.a.j.t.AbstractSimpleThreadGroup: Starting thread group number 1 threads 1
2020-01-03 00:01:53,119 INFO k.a.j.t.AbstractSimpleThreadGroup: Started thread group number 1
2020-01-03 00:01:53,119 INFO o.a.j.e.StandardJMeterEngine: Starting ThreadGroup: 2 : 查看我的订单
2020-01-03 00:01:53,119 INFO o.a.j.e.StandardJMeterEngine: Starting 200 threads for group 查看我的订单.
2020-01-03 00:01:53,119 INFO o.a.j.e.StandardJMeterEngine: Thread will continue on error
2020-01-03 00:01:53,119 INFO k.a.j.t.AbstractSimpleThreadGroup: Starting thread group number 2 threads 200
2020-01-03 00:01:53,134 INFO o.a.j.t.JMeterThread: Thread started: 登录 1-1
2020-01-03 00:01:53,215 INFO o.a.j.p.h.s.HTTPHCAbstractImpl: Local host = DESKTOP-3UEGUL8
2020-01-03 00:01:53,236 INFO o.a.j.p.h.s.HTTPHC4Impl: HTTP request retry count = 0
2020-01-03 00:01:53,240 INFO o.a.j.s.SampleResult: Note: Sample TimeStamps are START times
2020-01-03 00:01:53,240 INFO o.a.j.s.SampleResult: sampleresult.default.encoding is set to ISO-8859-1
2020-01-03 00:01:53,240 INFO o.a.j.s.SampleResult: sampleresult.useNanoTime=true
2020-01-03 00:01:53,241 INFO o.a.j.s.SampleResult: sampleresult.nanoThreadSleep=5000
2020-01-03 00:01:53,343 INFO k.a.j.t.AbstractSimpleThreadGroup: Started thread group number 2
2020-01-03 00:01:53,343 INFO o.a.j.e.StandardJMeterEngine: All thread groups have been started
2020-01-03 00:01:54,162 INFO o.a.j.t.JMeterThread: Thread started: 查看我的订单 2-20
2020-01-03 00:01:54,637 INFO o.a.j.u.JsseSSLManager: Using default SSL protocol: TLS
2020-01-03 00:01:54,638 INFO o.a.j.u.JsseSSLManager: SSL session context: per-thread
2020-01-03 00:01:55,120 INFO o.a.j.t.JMeterThread: Thread started: 查看我的订单 2-19
2020-01-03 00:01:55,567 INFO o.a.j.t.JMeterThread: Stopping because end time detected by thread: 登录 1-1
2020-01-03 00:01:55,567 INFO o.a.j.t.JMeterThread: Thread finished: 登录 1-1
2020-01-03 00:01:56,120 INFO o.a.j.t.JMeterThread: Thread started: 查看我的订单 2-18
2020-01-03 00:01:57,121 INFO o.a.j.t.JMeterThread: Thread started: 查看我的订单 2-17
2020-01-03 00:01:58,120 INFO o.a.j.t.JMeterThread: Thread started: 查看我的订单 2-16
2020-01-03 00:01:59,120 INFO o.a.j.t.JMeterThread: Thread started: 查看我的订单 2-15
2020-01-03 00:02:00,060 INFO o.a.j.r.Summariser: summary +     42 in 00:00:07 =    6.0/s Avg:   489 Min:    27 Max:  2113 Err:    19 (45.24%) Active: 6 Started: 7 Finished: 1
2020-01-03 00:02:00,129 INFO o.a.j.t.JMeterThread: Thread started: 查看我的订单 2-14
2020-01-03 00:02:01,121 INFO o.a.j.t.JMeterThread: Thread started: 查看我的订单 2-13
2020-01-03 00:02:02,120 INFO o.a.j.t.JMeterThread: Thread started: 查看我的订单 2-12
2020-01-03 00:02:03,121 INFO o.a.j.t.JMeterThread: Thread started: 查看我的订单 2-11
2020-01-03 00:02:04,120 INFO o.a.j.t.JMeterThread: Thread started: 查看我的订单 2-10
2020-01-03 00:02:05,120 INFO o.a.j.t.JMeterThread: Thread started: 查看我的订单 2-9
2020-01-03 00:02:06,122 INFO o.a.j.t.JMeterThread: Thread started: 查看我的订单 2-8
2020-01-03 00:02:07,129 INFO o.a.j.t.JMeterThread: Thread started: 查看我的订单 2-7
2020-01-03 00:02:08,136 INFO o.a.j.t.JMeterThread: Thread started: 查看我的订单 2-6
2020-01-03 00:02:09,120 INFO o.a.j.t.JMeterThread: Thread started: 查看我的订单 2-5
2020-01-03 00:02:10,122 INFO o.a.j.t.JMeterThread: Thread started: 查看我的订单 2-4
2020-01-03 00:02:11,130 INFO o.a.j.t.JMeterThread: Thread started: 查看我的订单 2-3
2020-01-03 00:02:12,189 INFO o.a.j.t.JMeterThread: Thread started: 查看我的订单 2-2
2020-01-03 00:02:13,171 INFO o.a.j.t.JMeterThread: Thread started: 查看我的订单 2-1
2020-01-03 00:02:30,553 INFO o.a.j.r.Summariser: summary +    488 in 00:00:30 =   16.0/s Avg:  1007 Min:   464 Max:  2891 Err:     0 (0.00%) Active: 20 Started: 21 Finished: 1
2020-01-03 00:02:30,556 INFO o.a.j.r.Summariser: summary =    530 in 00:00:37 =   14.1/s Avg:   966 Min:    27 Max:  2891 Err:    19 (3.58%)
2020-01-03 00:02:54,120 INFO o.a.j.t.JMeterThread: Thread started: 查看我的订单 2-50
2020-01-03 00:02:55,119 INFO o.a.j.t.JMeterThread: Thread started: 查看我的订单 2-49
2020-01-03 00:02:56,119 INFO o.a.j.t.JMeterThread: Thread started: 查看我的订单 2-48
2020-01-03 00:02:57,119 INFO o.a.j.t.JMeterThread: Thread started: 查看我的订单 2-47
2020-01-03 00:02:58,120 INFO o.a.j.t.JMeterThread: Thread started: 查看我的订单 2-46
2020-01-03 00:02:59,120 INFO o.a.j.t.JMeterThread: Thread started: 查看我的订单 2-45
2020-01-03 00:03:00,119 INFO o.a.j.t.JMeterThread: Thread started: 查看我的订单 2-44
2020-01-03 00:03:00,383 INFO o.a.j.r.Summariser: summary +    139 in 00:00:30 =    4.7/s Avg:  3520 Min:  1882 Max:  8203 Err:     0 (0.00%) Active: 27 Started: 28 Finished: 1
2020-01-03 00:03:00,388 INFO o.a.j.r.Summariser: summary =    669 in 00:01:07 =    9.9/s Avg:  1497 Min:    27 Max:  8203 Err:    19 (2.84%)
2020-01-03 00:03:01,119 INFO o.a.j.t.JMeterThread: Thread started: 查看我的订单 2-43
2020-01-03 00:03:02,119 INFO o.a.j.t.JMeterThread: Thread started: 查看我的订单 2-42
2020-01-03 00:03:03,120 INFO o.a.j.t.JMeterThread: Thread started: 查看我的订单 2-41
2020-01-03 00:03:04,120 INFO o.a.j.t.JMeterThread: Thread started: 查看我的订单 2-40
2020-01-03 00:03:05,119 INFO o.a.j.t.JMeterThread: Thread started: 查看我的订单 2-39
2020-01-03 00:03:06,121 INFO o.a.j.t.JMeterThread: Thread started: 查看我的订单 2-38
2020-01-03 00:03:07,119 INFO o.a.j.t.JMeterThread: Thread started: 查看我的订单 2-37
2020-01-03 00:03:08,120 INFO o.a.j.t.JMeterThread: Thread started: 查看我的订单 2-36
2020-01-03 00:03:09,120 INFO o.a.j.t.JMeterThread: Thread started: 查看我的订单 2-35
2020-01-03 00:03:10,119 INFO o.a.j.t.JMeterThread: Thread started: 查看我的订单 2-34
2020-01-03 00:03:11,120 INFO o.a.j.t.JMeterThread: Thread started: 查看我的订单 2-33
2020-01-03 00:03:12,119 INFO o.a.j.t.JMeterThread: Thread started: 查看我的订单 2-32
2020-01-03 00:03:13,120 INFO o.a.j.t.JMeterThread: Thread started: 查看我的订单 2-31
2020-01-03 00:03:14,120 INFO o.a.j.t.JMeterThread: Thread started: 查看我的订单 2-30
2020-01-03 00:03:15,119 INFO o.a.j.t.JMeterThread: Thread started: 查看我的订单 2-29
2020-01-03 00:03:16,120 INFO o.a.j.t.JMeterThread: Thread started: 查看我的订单 2-28
2020-01-03 00:03:17,120 INFO o.a.j.t.JMeterThread: Thread started: 查看我的订单 2-27
2020-01-03 00:03:18,120 INFO o.a.j.t.JMeterThread: Thread started: 查看我的订单 2-26
2020-01-03 00:03:19,119 INFO o.a.j.t.JMeterThread: Thread started: 查看我的订单 2-25
2020-01-03 00:03:20,120 INFO o.a.j.t.JMeterThread: Thread started: 查看我的订单 2-24
2020-01-03 00:03:21,119 INFO o.a.j.t.JMeterThread: Thread started: 查看我的订单 2-23
2020-01-03 00:03:22,120 INFO o.a.j.t.JMeterThread: Thread started: 查看我的订单 2-22
2020-01-03 00:03:23,119 INFO o.a.j.t.JMeterThread: Thread started: 查看我的订单 2-21
2020-01-03 00:03:30,480 INFO o.a.j.r.Summariser: summary +    116 in 00:00:30 =    3.9/s Avg:  9816 Min:  6614 Max: 27561 Err:     0 (0.00%) Active: 50 Started: 51 Finished: 1
2020-01-03 00:03:30,481 INFO o.a.j.r.Summariser: summary =    785 in 00:01:37 =    8.1/s Avg:  2726 Min:    27 Max: 27561 Err:    19 (2.42%)
2020-01-03 00:04:00,784 INFO o.a.j.r.Summariser: summary +    126 in 00:00:30 =    4.2/s Avg: 10830 Min:  7914 Max: 26311 Err:     0 (0.00%) Active: 50 Started: 51 Finished: 1
2020-01-03 00:04:00,785 INFO o.a.j.r.Summariser: summary =    911 in 00:02:08 =    7.1/s Avg:  3847 Min:    27 Max: 27561 Err:    19 (2.09%)
2020-01-03 00:04:30,059 INFO o.a.j.r.Summariser: summary +     90 in 00:00:29 =    3.1/s Avg: 16015 Min: 11788 Max: 26610 Err:     0 (0.00%) Active: 50 Started: 51 Finished: 1
2020-01-03 00:04:30,060 INFO o.a.j.r.Summariser: summary =   1001 in 00:02:37 =    6.4/s Avg:  4941 Min:    27 Max: 27561 Err:    19 (1.90%)
2020-01-03 00:04:53,619 INFO o.a.j.t.JMeterThread: Thread started: 查看我的订单 2-100
2020-01-03 00:04:54,119 INFO o.a.j.t.JMeterThread: Thread started: 查看我的订单 2-99
2020-01-03 00:04:54,620 INFO o.a.j.t.JMeterThread: Thread started: 查看我的订单 2-98
2020-01-03 00:04:55,120 INFO o.a.j.t.JMeterThread: Thread started: 查看我的订单 2-97
2020-01-03 00:04:55,620 INFO o.a.j.t.JMeterThread: Thread started: 查看我的订单 2-96
2020-01-03 00:04:56,120 INFO o.a.j.t.JMeterThread: Thread started: 查看我的订单 2-95
2020-01-03 00:04:56,620 INFO o.a.j.t.JMeterThread: Thread started: 查看我的订单 2-94
2020-01-03 00:04:57,120 INFO o.a.j.t.JMeterThread: Thread started: 查看我的订单 2-93
2020-01-03 00:04:57,619 INFO o.a.j.t.JMeterThread: Thread started: 查看我的订单 2-92
2020-01-03 00:04:58,120 INFO o.a.j.t.JMeterThread: Thread started: 查看我的订单 2-91
2020-01-03 00:04:58,619 INFO o.a.j.t.JMeterThread: Thread started: 查看我的订单 2-90
2020-01-03 00:04:59,119 INFO o.a.j.t.JMeterThread: Thread started: 查看我的订单 2-89
2020-01-03 00:04:59,620 INFO o.a.j.t.JMeterThread: Thread started: 查看我的订单 2-88
2020-01-03 00:05:00,120 INFO o.a.j.t.JMeterThread: Thread started: 查看我的订单 2-87
2020-01-03 00:05:00,619 INFO o.a.j.t.JMeterThread: Thread started: 查看我的订单 2-86
2020-01-03 00:05:01,120 INFO o.a.j.t.JMeterThread: Thread started: 查看我的订单 2-85
2020-01-03 00:05:01,615 INFO o.a.j.r.Summariser: summary +     71 in 00:00:32 =    2.3/s Avg: 19969 Min: 15674 Max: 30766 Err:     0 (0.00%) Active: 66 Started: 67 Finished: 1
2020-01-03 00:05:01,619 INFO o.a.j.t.JMeterThread: Thread started: 查看我的订单 2-84
2020-01-03 00:05:02,120 INFO o.a.j.t.JMeterThread: Thread started: 查看我的订单 2-83
2020-01-03 00:05:02,620 INFO o.a.j.t.JMeterThread: Thread started: 查看我的订单 2-82
2020-01-03 00:05:03,119 INFO o.a.j.t.JMeterThread: Thread started: 查看我的订单 2-81
2020-01-03 00:05:03,620 INFO o.a.j.t.JMeterThread: Thread started: 查看我的订单 2-80
2020-01-03 00:05:04,120 INFO o.a.j.t.JMeterThread: Thread started: 查看我的订单 2-79
2020-01-03 00:05:04,620 INFO o.a.j.t.JMeterThread: Thread started: 查看我的订单 2-78
2020-01-03 00:05:05,119 INFO o.a.j.t.JMeterThread: Thread started: 查看我的订单 2-77
2020-01-03 00:05:05,620 INFO o.a.j.t.JMeterThread: Thread started: 查看我的订单 2-76
2020-01-03 00:05:06,119 INFO o.a.j.t.JMeterThread: Thread started: 查看我的订单 2-75
2020-01-03 00:05:06,620 INFO o.a.j.t.JMeterThread: Thread started: 查看我的订单 2-74
2020-01-03 00:05:07,119 INFO o.a.j.t.JMeterThread: Thread started: 查看我的订单 2-73
2020-01-03 00:05:07,619 INFO o.a.j.t.JMeterThread: Thread started: 查看我的订单 2-72
2020-01-03 00:05:08,119 INFO o.a.j.t.JMeterThread: Thread started: 查看我的订单 2-71
2020-01-03 00:05:08,619 INFO o.a.j.t.JMeterThread: Thread started: 查看我的订单 2-70
2020-01-03 00:05:09,120 INFO o.a.j.t.JMeterThread: Thread started: 查看我的订单 2-69
2020-01-03 00:05:09,619 INFO o.a.j.t.JMeterThread: Thread started: 查看我的订单 2-68
2020-01-03 00:05:10,119 INFO o.a.j.t.JMeterThread: Thread started: 查看我的订单 2-67
2020-01-03 00:05:10,620 INFO o.a.j.t.JMeterThread: Thread started: 查看我的订单 2-66
2020-01-03 00:05:11,119 INFO o.a.j.t.JMeterThread: Thread started: 查看我的订单 2-65
2020-01-03 00:05:11,620 INFO o.a.j.t.JMeterThread: Thread started: 查看我的订单 2-64
2020-01-03 00:05:12,120 INFO o.a.j.t.JMeterThread: Thread started: 查看我的订单 2-63
2020-01-03 00:05:12,619 INFO o.a.j.t.JMeterThread: Thread started: 查看我的订单 2-62
2020-01-03 00:05:13,119 INFO o.a.j.t.JMeterThread: Thread started: 查看我的订单 2-61
2020-01-03 00:05:13,619 INFO o.a.j.t.JMeterThread: Thread started: 查看我的订单 2-60
2020-01-03 00:05:14,119 INFO o.a.j.t.JMeterThread: Thread started: 查看我的订单 2-59
2020-01-03 00:05:14,619 INFO o.a.j.t.JMeterThread: Thread started: 查看我的订单 2-58
2020-01-03 00:05:15,120 INFO o.a.j.t.JMeterThread: Thread started: 查看我的订单 2-57
2020-01-03 00:05:15,620 INFO o.a.j.t.JMeterThread: Thread started: 查看我的订单 2-56
2020-01-03 00:05:16,120 INFO o.a.j.t.JMeterThread: Thread started: 查看我的订单 2-55
2020-01-03 00:05:16,619 INFO o.a.j.t.JMeterThread: Thread started: 查看我的订单 2-54
2020-01-03 00:05:17,120 INFO o.a.j.t.JMeterThread: Thread started: 查看我的订单 2-53
2020-01-03 00:05:17,620 INFO o.a.j.t.JMeterThread: Thread started: 查看我的订单 2-52
2020-01-03 00:05:18,119 INFO o.a.j.t.JMeterThread: Thread started: 查看我的订单 2-51
2020-01-03 00:05:31,608 INFO o.a.j.r.Summariser: summary +     88 in 00:00:30 =    2.9/s Avg: 22814 Min: 19540 Max: 41839 Err:     1 (1.14%) Active: 100 Started: 101 Finished: 1
2020-01-03 00:06:00,037 INFO o.a.j.r.Summariser: summary +    117 in 00:00:28 =    4.1/s Avg: 23970 Min: 20740 Max: 37235 Err:     0 (0.00%) Active: 100 Started: 101 Finished: 1
2020-01-03 00:06:30,011 INFO o.a.j.r.Summariser: summary +    103 in 00:00:30 =    3.4/s Avg: 26098 Min: 23338 Max: 31631 Err:     0 (0.00%) Active: 100 Started: 101 Finished: 1
2020-01-03 00:06:53,370 INFO o.a.j.t.JMeterThread: Thread started: 查看我的订单 2-200
2020-01-03 00:06:53,619 INFO o.a.j.t.JMeterThread: Thread started: 查看我的订单 2-199
2020-01-03 00:06:53,870 INFO o.a.j.t.JMeterThread: Thread started: 查看我的订单 2-198
2020-01-03 00:06:54,119 INFO o.a.j.t.JMeterThread: Thread started: 查看我的订单 2-197
2020-01-03 00:06:54,370 INFO o.a.j.t.JMeterThread: Thread started: 查看我的订单 2-196
2020-01-03 00:06:54,619 INFO o.a.j.t.JMeterThread: Thread started: 查看我的订单 2-195
2020-01-03 00:06:54,870 INFO o.a.j.t.JMeterThread: Thread started: 查看我的订单 2-194
2020-01-03 00:06:55,120 INFO o.a.j.t.JMeterThread: Thread started: 查看我的订单 2-193
2020-01-03 00:06:55,369 INFO o.a.j.t.JMeterThread: Thread started: 查看我的订单 2-192
2020-01-03 00:06:55,620 INFO o.a.j.t.JMeterThread: Thread started: 查看我的订单 2-191
2020-01-03 00:06:55,869 INFO o.a.j.t.JMeterThread: Thread started: 查看我的订单 2-190
2020-01-03 00:06:56,119 INFO o.a.j.t.JMeterThread: Thread started: 查看我的订单 2-189
2020-01-03 00:06:56,369 INFO o.a.j.t.JMeterThread: Thread started: 查看我的订单 2-188
2020-01-03 00:06:56,620 INFO o.a.j.t.JMeterThread: Thread started: 查看我的订单 2-187
2020-01-03 00:06:56,869 INFO o.a.j.t.JMeterThread: Thread started: 查看我的订单 2-186
2020-01-03 00:06:57,120 INFO o.a.j.t.JMeterThread: Thread started: 查看我的订单 2-185
2020-01-03 00:06:57,370 INFO o.a.j.t.JMeterThread: Thread started: 查看我的订单 2-184
2020-01-03 00:06:57,620 INFO o.a.j.t.JMeterThread: Thread started: 查看我的订单 2-183
2020-01-03 00:06:57,870 INFO o.a.j.t.JMeterThread: Thread started: 查看我的订单 2-182
2020-01-03 00:06:58,121 INFO o.a.j.t.JMeterThread: Thread started: 查看我的订单 2-181
2020-01-03 00:06:58,369 INFO o.a.j.t.JMeterThread: Thread started: 查看我的订单 2-180
2020-01-03 00:06:58,620 INFO o.a.j.t.JMeterThread: Thread started: 查看我的订单 2-179
2020-01-03 00:06:58,869 INFO o.a.j.t.JMeterThread: Thread started: 查看我的订单 2-178
2020-01-03 00:06:59,120 INFO o.a.j.t.JMeterThread: Thread started: 查看我的订单 2-177
2020-01-03 00:06:59,370 INFO o.a.j.t.JMeterThread: Thread started: 查看我的订单 2-176
2020-01-03 00:06:59,619 INFO o.a.j.t.JMeterThread: Thread started: 查看我的订单 2-175
2020-01-03 00:06:59,904 INFO o.a.j.t.JMeterThread: Thread started: 查看我的订单 2-174
2020-01-03 00:07:00,119 INFO o.a.j.t.JMeterThread: Thread started: 查看我的订单 2-173
2020-01-03 00:07:00,370 INFO o.a.j.t.JMeterThread: Thread started: 查看我的订单 2-172
2020-01-03 00:07:00,619 INFO o.a.j.t.JMeterThread: Thread started: 查看我的订单 2-171
2020-01-03 00:07:00,869 INFO o.a.j.t.JMeterThread: Thread started: 查看我的订单 2-170
2020-01-03 00:07:01,008 INFO o.a.j.r.Summariser: summary +     97 in 00:00:31 =    3.1/s Avg: 28556 Min: 26311 Max: 38700 Err:     0 (0.00%) Active: 131 Started: 132 Finished: 1
2020-01-03 00:07:01,119 INFO o.a.j.t.JMeterThread: Thread started: 查看我的订单 2-169
2020-01-03 00:07:01,370 INFO o.a.j.t.JMeterThread: Thread started: 查看我的订单 2-168
2020-01-03 00:07:01,620 INFO o.a.j.t.JMeterThread: Thread started: 查看我的订单 2-167
2020-01-03 00:07:01,869 INFO o.a.j.t.JMeterThread: Thread started: 查看我的订单 2-166
2020-01-03 00:07:02,119 INFO o.a.j.t.JMeterThread: Thread started: 查看我的订单 2-165
2020-01-03 00:07:02,369 INFO o.a.j.t.JMeterThread: Thread started: 查看我的订单 2-164
2020-01-03 00:07:02,620 INFO o.a.j.t.JMeterThread: Thread started: 查看我的订单 2-163
2020-01-03 00:07:02,870 INFO o.a.j.t.JMeterThread: Thread started: 查看我的订单 2-162
2020-01-03 00:07:03,120 INFO o.a.j.t.JMeterThread: Thread started: 查看我的订单 2-161
2020-01-03 00:07:03,369 INFO o.a.j.t.JMeterThread: Thread started: 查看我的订单 2-160
2020-01-03 00:07:03,626 INFO o.a.j.t.JMeterThread: Thread started: 查看我的订单 2-159
2020-01-03 00:07:03,870 INFO o.a.j.t.JMeterThread: Thread started: 查看我的订单 2-158
2020-01-03 00:07:04,121 INFO o.a.j.t.JMeterThread: Thread started: 查看我的订单 2-157
2020-01-03 00:07:04,370 INFO o.a.j.t.JMeterThread: Thread started: 查看我的订单 2-156
2020-01-03 00:07:04,620 INFO o.a.j.t.JMeterThread: Thread started: 查看我的订单 2-155
2020-01-03 00:07:04,870 INFO o.a.j.t.JMeterThread: Thread started: 查看我的订单 2-154
2020-01-03 00:07:05,120 INFO o.a.j.t.JMeterThread: Thread started: 查看我的订单 2-153
2020-01-03 00:07:05,370 INFO o.a.j.t.JMeterThread: Thread started: 查看我的订单 2-152
2020-01-03 00:07:05,620 INFO o.a.j.t.JMeterThread: Thread started: 查看我的订单 2-151
2020-01-03 00:07:05,869 INFO o.a.j.t.JMeterThread: Thread started: 查看我的订单 2-150
2020-01-03 00:07:06,120 INFO o.a.j.t.JMeterThread: Thread started: 查看我的订单 2-149
2020-01-03 00:07:06,369 INFO o.a.j.t.JMeterThread: Thread started: 查看我的订单 2-148
2020-01-03 00:07:06,620 INFO o.a.j.t.JMeterThread: Thread started: 查看我的订单 2-147
2020-01-03 00:07:06,869 INFO o.a.j.t.JMeterThread: Thread started: 查看我的订单 2-146
2020-01-03 00:07:07,119 INFO o.a.j.t.JMeterThread: Thread started: 查看我的订单 2-145
2020-01-03 00:07:07,369 INFO o.a.j.t.JMeterThread: Thread started: 查看我的订单 2-144
2020-01-03 00:07:07,620 INFO o.a.j.t.JMeterThread: Thread started: 查看我的订单 2-143
2020-01-03 00:07:07,870 INFO o.a.j.t.JMeterThread: Thread started: 查看我的订单 2-142
2020-01-03 00:07:08,120 INFO o.a.j.t.JMeterThread: Thread started: 查看我的订单 2-141
2020-01-03 00:07:08,369 INFO o.a.j.t.JMeterThread: Thread started: 查看我的订单 2-140
2020-01-03 00:07:08,620 INFO o.a.j.t.JMeterThread: Thread started: 查看我的订单 2-139
2020-01-03 00:07:08,870 INFO o.a.j.t.JMeterThread: Thread started: 查看我的订单 2-138
2020-01-03 00:07:09,121 INFO o.a.j.t.JMeterThread: Thread started: 查看我的订单 2-137
2020-01-03 00:07:09,369 INFO o.a.j.t.JMeterThread: Thread started: 查看我的订单 2-136
2020-01-03 00:07:09,620 INFO o.a.j.t.JMeterThread: Thread started: 查看我的订单 2-135
2020-01-03 00:07:09,869 INFO o.a.j.t.JMeterThread: Thread started: 查看我的订单 2-134
2020-01-03 00:07:10,119 INFO o.a.j.t.JMeterThread: Thread started: 查看我的订单 2-133
2020-01-03 00:07:10,370 INFO o.a.j.t.JMeterThread: Thread started: 查看我的订单 2-132
2020-01-03 00:07:10,619 INFO o.a.j.t.JMeterThread: Thread started: 查看我的订单 2-131
2020-01-03 00:07:10,869 INFO o.a.j.t.JMeterThread: Thread started: 查看我的订单 2-130
2020-01-03 00:07:11,120 INFO o.a.j.t.JMeterThread: Thread started: 查看我的订单 2-129
2020-01-03 00:07:11,369 INFO o.a.j.t.JMeterThread: Thread started: 查看我的订单 2-128
2020-01-03 00:07:11,619 INFO o.a.j.t.JMeterThread: Thread started: 查看我的订单 2-127
2020-01-03 00:07:11,870 INFO o.a.j.t.JMeterThread: Thread started: 查看我的订单 2-126
2020-01-03 00:07:12,120 INFO o.a.j.t.JMeterThread: Thread started: 查看我的订单 2-125
2020-01-03 00:07:12,370 INFO o.a.j.t.JMeterThread: Thread started: 查看我的订单 2-124
2020-01-03 00:07:12,620 INFO o.a.j.t.JMeterThread: Thread started: 查看我的订单 2-123
2020-01-03 00:07:12,870 INFO o.a.j.t.JMeterThread: Thread started: 查看我的订单 2-122
2020-01-03 00:07:13,119 INFO o.a.j.t.JMeterThread: Thread started: 查看我的订单 2-121
2020-01-03 00:07:13,369 INFO o.a.j.t.JMeterThread: Thread started: 查看我的订单 2-120
2020-01-03 00:07:13,619 INFO o.a.j.t.JMeterThread: Thread started: 查看我的订单 2-119
2020-01-03 00:07:13,869 INFO o.a.j.t.JMeterThread: Thread started: 查看我的订单 2-118
2020-01-03 00:07:14,120 INFO o.a.j.t.JMeterThread: Thread started: 查看我的订单 2-117
2020-01-03 00:07:14,370 INFO o.a.j.t.JMeterThread: Thread started: 查看我的订单 2-116
2020-01-03 00:07:14,619 INFO o.a.j.t.JMeterThread: Thread started: 查看我的订单 2-115
2020-01-03 00:07:14,871 INFO o.a.j.t.JMeterThread: Thread started: 查看我的订单 2-114
2020-01-03 00:07:15,119 INFO o.a.j.t.JMeterThread: Thread started: 查看我的订单 2-113
2020-01-03 00:07:15,369 INFO o.a.j.t.JMeterThread: Thread started: 查看我的订单 2-112
2020-01-03 00:07:15,620 INFO o.a.j.t.JMeterThread: Thread started: 查看我的订单 2-111
2020-01-03 00:07:15,870 INFO o.a.j.t.JMeterThread: Thread started: 查看我的订单 2-110
2020-01-03 00:07:16,119 INFO o.a.j.t.JMeterThread: Thread started: 查看我的订单 2-109
2020-01-03 00:07:16,369 INFO o.a.j.t.JMeterThread: Thread started: 查看我的订单 2-108
2020-01-03 00:07:16,619 INFO o.a.j.t.JMeterThread: Thread started: 查看我的订单 2-107
2020-01-03 00:07:16,870 INFO o.a.j.t.JMeterThread: Thread started: 查看我的订单 2-106
2020-01-03 00:07:17,120 INFO o.a.j.t.JMeterThread: Thread started: 查看我的订单 2-105
2020-01-03 00:07:17,369 INFO o.a.j.t.JMeterThread: Thread started: 查看我的订单 2-104
2020-01-03 00:07:17,620 INFO o.a.j.t.JMeterThread: Thread started: 查看我的订单 2-103
2020-01-03 00:07:17,870 INFO o.a.j.t.JMeterThread: Thread started: 查看我的订单 2-102
2020-01-03 00:07:18,120 INFO o.a.j.t.JMeterThread: Thread started: 查看我的订单 2-101
2020-01-03 00:07:30,389 INFO o.a.j.r.Summariser: summary +     99 in 00:00:29 =    3.4/s Avg: 33708 Min: 30901 Max: 44781 Err:     0 (0.00%) Active: 200 Started: 201 Finished: 1
2020-01-03 00:08:00,062 INFO o.a.j.r.Summariser: summary +    160 in 00:00:30 =    5.4/s Avg: 35064 Min: 32700 Max: 42805 Err:     0 (0.00%) Active: 200 Started: 201 Finished: 1
2020-01-03 00:08:18,784 INFO o.a.j.t.JMeterThread: Stopping because end time detected by thread: 查看我的订单 2-56
2020-01-03 00:08:18,784 INFO o.a.j.t.JMeterThread: Thread finished: 查看我的订单 2-56
2020-01-03 00:08:18,831 INFO o.a.j.t.JMeterThread: Stopping because end time detected by thread: 查看我的订单 2-24
2020-01-03 00:08:18,831 INFO o.a.j.t.JMeterThread: Thread finished: 查看我的订单 2-24
2020-01-03 00:08:18,893 INFO o.a.j.t.JMeterThread: Stopping because end time detected by thread: 查看我的订单 2-166
2020-01-03 00:08:18,893 INFO o.a.j.t.JMeterThread: Thread finished: 查看我的订单 2-166
2020-01-03 00:08:19,581 INFO o.a.j.t.JMeterThread: Stopping because end time detected by thread: 查看我的订单 2-165
2020-01-03 00:08:19,581 INFO o.a.j.t.JMeterThread: Thread finished: 查看我的订单 2-165
2020-01-03 00:08:19,596 INFO o.a.j.t.JMeterThread: Stopping because end time detected by thread: 查看我的订单 2-163
2020-01-03 00:08:19,596 INFO o.a.j.t.JMeterThread: Thread finished: 查看我的订单 2-163
2020-01-03 00:08:19,832 INFO o.a.j.t.JMeterThread: Stopping because end time detected by thread: 查看我的订单 2-170
2020-01-03 00:08:19,832 INFO o.a.j.t.JMeterThread: Thread finished: 查看我的订单 2-170
2020-01-03 00:08:19,928 INFO o.a.j.t.JMeterThread: Stopping because end time detected by thread: 查看我的订单 2-94
2020-01-03 00:08:19,928 INFO o.a.j.t.JMeterThread: Thread finished: 查看我的订单 2-94
2020-01-03 00:08:19,928 INFO o.a.j.t.JMeterThread: Stopping because end time detected by thread: 查看我的订单 2-162
2020-01-03 00:08:19,928 INFO o.a.j.t.JMeterThread: Thread finished: 查看我的订单 2-162
2020-01-03 00:08:19,928 INFO o.a.j.t.JMeterThread: Stopping because end time detected by thread: 查看我的订单 2-53
2020-01-03 00:08:19,928 INFO o.a.j.t.JMeterThread: Thread finished: 查看我的订单 2-53
2020-01-03 00:08:19,928 INFO o.a.j.t.JMeterThread: Stopping because end time detected by thread: 查看我的订单 2-49
2020-01-03 00:08:19,928 INFO o.a.j.t.JMeterThread: Thread finished: 查看我的订单 2-49
2020-01-03 00:08:20,886 INFO o.a.j.t.JMeterThread: Stopping because end time detected by thread: 查看我的订单 2-161
2020-01-03 00:08:20,886 INFO o.a.j.t.JMeterThread: Thread finished: 查看我的订单 2-161
2020-01-03 00:08:20,886 INFO o.a.j.t.JMeterThread: Stopping because end time detected by thread: 查看我的订单 2-92
2020-01-03 00:08:20,886 INFO o.a.j.t.JMeterThread: Thread finished: 查看我的订单 2-92
2020-01-03 00:08:20,886 INFO o.a.j.t.JMeterThread: Stopping because end time detected by thread: 查看我的订单 2-52
2020-01-03 00:08:20,886 INFO o.a.j.t.JMeterThread: Thread finished: 查看我的订单 2-52
2020-01-03 00:08:20,923 INFO o.a.j.t.JMeterThread: Stopping because end time detected by thread: 查看我的订单 2-62
2020-01-03 00:08:20,923 INFO o.a.j.t.JMeterThread: Thread finished: 查看我的订单 2-62
2020-01-03 00:08:20,941 INFO o.a.j.t.JMeterThread: Stopping because end time detected by thread: 查看我的订单 2-178
2020-01-03 00:08:20,941 INFO o.a.j.t.JMeterThread: Thread finished: 查看我的订单 2-178
2020-01-03 00:08:21,573 INFO o.a.j.t.JMeterThread: Stopping because end time detected by thread: 查看我的订单 2-8
2020-01-03 00:08:21,573 INFO o.a.j.t.JMeterThread: Thread finished: 查看我的订单 2-8
2020-01-03 00:08:21,814 INFO o.a.j.t.JMeterThread: Stopping because end time detected by thread: 查看我的订单 2-51
2020-01-03 00:08:21,814 INFO o.a.j.t.JMeterThread: Thread finished: 查看我的订单 2-51
2020-01-03 00:08:21,861 INFO o.a.j.t.JMeterThread: Stopping because end time detected by thread: 查看我的订单 2-160
2020-01-03 00:08:21,862 INFO o.a.j.t.JMeterThread: Thread finished: 查看我的订单 2-160
2020-01-03 00:08:21,892 INFO o.a.j.t.JMeterThread: Stopping because end time detected by thread: 查看我的订单 2-159
2020-01-03 00:08:21,892 INFO o.a.j.t.JMeterThread: Thread finished: 查看我的订单 2-159
2020-01-03 00:08:21,932 INFO o.a.j.t.JMeterThread: Stopping because end time detected by thread: 查看我的订单 2-164
2020-01-03 00:08:21,932 INFO o.a.j.t.JMeterThread: Thread finished: 查看我的订单 2-164
2020-01-03 00:08:22,961 INFO o.a.j.t.JMeterThread: Stopping because end time detected by thread: 查看我的订单 2-27
2020-01-03 00:08:22,961 INFO o.a.j.t.JMeterThread: Thread finished: 查看我的订单 2-27
2020-01-03 00:08:22,976 INFO o.a.j.t.JMeterThread: Stopping because end time detected by thread: 查看我的订单 2-157
2020-01-03 00:08:22,976 INFO o.a.j.t.JMeterThread: Thread finished: 查看我的订单 2-157
2020-01-03 00:08:23,008 INFO o.a.j.t.JMeterThread: Stopping because end time detected by thread: 查看我的订单 2-171
2020-01-03 00:08:23,008 INFO o.a.j.t.JMeterThread: Thread finished: 查看我的订单 2-171
2020-01-03 00:08:24,252 INFO o.a.j.t.JMeterThread: Stopping because end time detected by thread: 查看我的订单 2-156
2020-01-03 00:08:24,252 INFO o.a.j.t.JMeterThread: Thread finished: 查看我的订单 2-156
2020-01-03 00:08:24,340 INFO o.a.j.t.JMeterThread: Stopping because end time detected by thread: 查看我的订单 2-3
2020-01-03 00:08:24,340 INFO o.a.j.t.JMeterThread: Thread finished: 查看我的订单 2-3
2020-01-03 00:08:24,340 INFO o.a.j.t.JMeterThread: Stopping because end time detected by thread: 查看我的订单 2-155
2020-01-03 00:08:24,340 INFO o.a.j.t.JMeterThread: Thread finished: 查看我的订单 2-155
2020-01-03 00:08:24,340 INFO o.a.j.t.JMeterThread: Stopping because end time detected by thread: 查看我的订单 2-154
2020-01-03 00:08:24,340 INFO o.a.j.t.JMeterThread: Thread finished: 查看我的订单 2-154
2020-01-03 00:08:24,356 INFO o.a.j.t.JMeterThread: Stopping because end time detected by thread: 查看我的订单 2-98
2020-01-03 00:08:24,356 INFO o.a.j.t.JMeterThread: Thread finished: 查看我的订单 2-98
2020-01-03 00:08:25,023 INFO o.a.j.t.JMeterThread: Stopping because end time detected by thread: 查看我的订单 2-151
2020-01-03 00:08:25,023 INFO o.a.j.t.JMeterThread: Thread finished: 查看我的订单 2-151
2020-01-03 00:08:25,039 INFO o.a.j.t.JMeterThread: Stopping because end time detected by thread: 查看我的订单 2-90
2020-01-03 00:08:25,039 INFO o.a.j.t.JMeterThread: Thread finished: 查看我的订单 2-90
2020-01-03 00:08:25,039 INFO o.a.j.t.JMeterThread: Stopping because end time detected by thread: 查看我的订单 2-16
2020-01-03 00:08:25,039 INFO o.a.j.t.JMeterThread: Thread finished: 查看我的订单 2-16
2020-01-03 00:08:25,070 INFO o.a.j.t.JMeterThread: Stopping because end time detected by thread: 查看我的订单 2-29
2020-01-03 00:08:25,070 INFO o.a.j.t.JMeterThread: Thread finished: 查看我的订单 2-29
2020-01-03 00:08:25,101 INFO o.a.j.t.JMeterThread: Stopping because end time detected by thread: 查看我的订单 2-150
2020-01-03 00:08:25,101 INFO o.a.j.t.JMeterThread: Thread finished: 查看我的订单 2-150
2020-01-03 00:08:25,185 INFO o.a.j.t.JMeterThread: Stopping because end time detected by thread: 查看我的订单 2-149
2020-01-03 00:08:25,200 INFO o.a.j.t.JMeterThread: Thread finished: 查看我的订单 2-149
2020-01-03 00:08:26,099 INFO o.a.j.t.JMeterThread: Stopping because end time detected by thread: 查看我的订单 2-47
2020-01-03 00:08:26,099 INFO o.a.j.t.JMeterThread: Thread finished: 查看我的订单 2-47
2020-01-03 00:08:26,114 INFO o.a.j.t.JMeterThread: Stopping because end time detected by thread: 查看我的订单 2-148
2020-01-03 00:08:26,114 INFO o.a.j.t.JMeterThread: Thread finished: 查看我的订单 2-148
2020-01-03 00:08:26,146 INFO o.a.j.t.JMeterThread: Stopping because end time detected by thread: 查看我的订单 2-57
2020-01-03 00:08:26,146 INFO o.a.j.t.JMeterThread: Thread finished: 查看我的订单 2-57
2020-01-03 00:08:26,146 INFO o.a.j.t.JMeterThread: Stopping because end time detected by thread: 查看我的订单 2-36
2020-01-03 00:08:26,146 INFO o.a.j.t.JMeterThread: Thread finished: 查看我的订单 2-36
2020-01-03 00:08:26,146 INFO o.a.j.t.JMeterThread: Stopping because end time detected by thread: 查看我的订单 2-158
2020-01-03 00:08:26,146 INFO o.a.j.t.JMeterThread: Thread finished: 查看我的订单 2-158
2020-01-03 00:08:26,184 INFO o.a.j.t.JMeterThread: Stopping because end time detected by thread: 查看我的订单 2-25
2020-01-03 00:08:26,184 INFO o.a.j.t.JMeterThread: Thread finished: 查看我的订单 2-25
2020-01-03 00:08:26,200 INFO o.a.j.t.JMeterThread: Stopping because end time detected by thread: 查看我的订单 2-146
2020-01-03 00:08:26,200 INFO o.a.j.t.JMeterThread: Thread finished: 查看我的订单 2-146
2020-01-03 00:08:27,229 INFO o.a.j.t.JMeterThread: Stopping because end time detected by thread: 查看我的订单 2-145
2020-01-03 00:08:27,229 INFO o.a.j.t.JMeterThread: Thread finished: 查看我的订单 2-145
2020-01-03 00:08:27,229 INFO o.a.j.t.JMeterThread: Stopping because end time detected by thread: 查看我的订单 2-143
2020-01-03 00:08:27,229 INFO o.a.j.t.JMeterThread: Thread finished: 查看我的订单 2-143
2020-01-03 00:08:27,260 INFO o.a.j.t.JMeterThread: Stopping because end time detected by thread: 查看我的订单 2-144
2020-01-03 00:08:27,260 INFO o.a.j.t.JMeterThread: Thread finished: 查看我的订单 2-144
2020-01-03 00:08:27,292 INFO o.a.j.t.JMeterThread: Stopping because end time detected by thread: 查看我的订单 2-54
2020-01-03 00:08:27,292 INFO o.a.j.t.JMeterThread: Thread finished: 查看我的订单 2-54
2020-01-03 00:08:27,307 INFO o.a.j.t.JMeterThread: Stopping because end time detected by thread: 查看我的订单 2-89
2020-01-03 00:08:27,307 INFO o.a.j.t.JMeterThread: Thread finished: 查看我的订单 2-89
2020-01-03 00:08:27,323 INFO o.a.j.t.JMeterThread: Stopping because end time detected by thread: 查看我的订单 2-152
2020-01-03 00:08:27,323 INFO o.a.j.t.JMeterThread: Thread finished: 查看我的订单 2-152
2020-01-03 00:08:27,323 INFO o.a.j.t.JMeterThread: Stopping because end time detected by thread: 查看我的订单 2-141
2020-01-03 00:08:27,323 INFO o.a.j.t.JMeterThread: Thread finished: 查看我的订单 2-141
2020-01-03 00:08:27,323 INFO o.a.j.t.JMeterThread: Stopping because end time detected by thread: 查看我的订单 2-142
2020-01-03 00:08:27,323 INFO o.a.j.t.JMeterThread: Thread finished: 查看我的订单 2-142
2020-01-03 00:08:27,354 INFO o.a.j.t.JMeterThread: Stopping because end time detected by thread: 查看我的订单 2-140
2020-01-03 00:08:27,354 INFO o.a.j.t.JMeterThread: Thread finished: 查看我的订单 2-140
2020-01-03 00:08:27,423 INFO o.a.j.t.JMeterThread: Stopping because end time detected by thread: 查看我的订单 2-18
2020-01-03 00:08:27,423 INFO o.a.j.t.JMeterThread: Thread finished: 查看我的订单 2-18
2020-01-03 00:08:29,374 INFO o.a.j.t.JMeterThread: Stopping because end time detected by thread: 查看我的订单 2-1
2020-01-03 00:08:29,374 INFO o.a.j.t.JMeterThread: Thread finished: 查看我的订单 2-1
2020-01-03 00:08:30,669 INFO o.a.j.r.Summariser: summary +    111 in 00:00:31 =    3.6/s Avg: 42905 Min: 36627 Max: 48415 Err:     0 (0.00%) Active: 148 Started: 201 Finished: 53
2020-01-03 00:08:30,717 INFO o.a.j.t.JMeterThread: Stopping because end time detected by thread: 查看我的订单 2-138
2020-01-03 00:08:30,717 INFO o.a.j.t.JMeterThread: Thread finished: 查看我的订单 2-138
2020-01-03 00:08:30,733 INFO o.a.j.t.JMeterThread: Stopping because end time detected by thread: 查看我的订单 2-35
2020-01-03 00:08:30,733 INFO o.a.j.t.JMeterThread: Thread finished: 查看我的订单 2-35
2020-01-03 00:08:30,733 INFO o.a.j.t.JMeterThread: Stopping because end time detected by thread: 查看我的订单 2-23
2020-01-03 00:08:30,733 INFO o.a.j.t.JMeterThread: Thread finished: 查看我的订单 2-23
2020-01-03 00:08:30,780 INFO o.a.j.t.JMeterThread: Stopping because end time detected by thread: 查看我的订单 2-137
2020-01-03 00:08:30,780 INFO o.a.j.t.JMeterThread: Thread finished: 查看我的订单 2-137
2020-01-03 00:08:30,795 INFO o.a.j.t.JMeterThread: Stopping because end time detected by thread: 查看我的订单 2-136
2020-01-03 00:08:30,795 INFO o.a.j.t.JMeterThread: Thread finished: 查看我的订单 2-136
2020-01-03 00:08:30,811 INFO o.a.j.t.JMeterThread: Stopping because end time detected by thread: 查看我的订单 2-135
2020-01-03 00:08:30,811 INFO o.a.j.t.JMeterThread: Thread finished: 查看我的订单 2-135
2020-01-03 00:08:30,905 INFO o.a.j.t.JMeterThread: Stopping because end time detected by thread: 查看我的订单 2-87
2020-01-03 00:08:30,905 INFO o.a.j.t.JMeterThread: Thread finished: 查看我的订单 2-87
2020-01-03 00:08:31,156 INFO o.a.j.t.JMeterThread: Stopping because end time detected by thread: 查看我的订单 2-134
2020-01-03 00:08:31,156 INFO o.a.j.t.JMeterThread: Thread finished: 查看我的订单 2-134
2020-01-03 00:08:31,171 INFO o.a.j.t.JMeterThread: Stopping because end time detected by thread: 查看我的订单 2-55
2020-01-03 00:08:31,171 INFO o.a.j.t.JMeterThread: Thread finished: 查看我的订单 2-55
2020-01-03 00:08:31,171 INFO o.a.j.t.JMeterThread: Stopping because end time detected by thread: 查看我的订单 2-9
2020-01-03 00:08:31,171 INFO o.a.j.t.JMeterThread: Thread finished: 查看我的订单 2-9
2020-01-03 00:08:31,171 INFO o.a.j.t.JMeterThread: Stopping because end time detected by thread: 查看我的订单 2-100
2020-01-03 00:08:31,171 INFO o.a.j.t.JMeterThread: Thread finished: 查看我的订单 2-100
2020-01-03 00:08:31,180 INFO o.a.j.t.JMeterThread: Stopping because end time detected by thread: 查看我的订单 2-132
2020-01-03 00:08:31,181 INFO o.a.j.t.JMeterThread: Thread finished: 查看我的订单 2-132
2020-01-03 00:08:31,733 INFO o.a.j.t.JMeterThread: Stopping because end time detected by thread: 查看我的订单 2-131
2020-01-03 00:08:31,733 INFO o.a.j.t.JMeterThread: Thread finished: 查看我的订单 2-131
2020-01-03 00:08:31,733 INFO o.a.j.t.JMeterThread: Stopping because end time detected by thread: 查看我的订单 2-139
2020-01-03 00:08:31,733 INFO o.a.j.t.JMeterThread: Thread finished: 查看我的订单 2-139
2020-01-03 00:08:31,733 INFO o.a.j.t.JMeterThread: Stopping because end time detected by thread: 查看我的订单 2-34
2020-01-03 00:08:31,733 INFO o.a.j.t.JMeterThread: Thread finished: 查看我的订单 2-34
2020-01-03 00:08:31,733 INFO o.a.j.t.JMeterThread: Stopping because end time detected by thread: 查看我的订单 2-84
2020-01-03 00:08:31,733 INFO o.a.j.t.JMeterThread: Thread finished: 查看我的订单 2-84
2020-01-03 00:08:31,733 INFO o.a.j.t.JMeterThread: Stopping because end time detected by thread: 查看我的订单 2-130
2020-01-03 00:08:31,733 INFO o.a.j.t.JMeterThread: Thread finished: 查看我的订单 2-130
2020-01-03 00:08:31,764 INFO o.a.j.t.JMeterThread: Stopping because end time detected by thread: 查看我的订单 2-168
2020-01-03 00:08:31,764 INFO o.a.j.t.JMeterThread: Thread finished: 查看我的订单 2-168
2020-01-03 00:08:31,873 INFO o.a.j.t.JMeterThread: Stopping because end time detected by thread: 查看我的订单 2-147
2020-01-03 00:08:31,873 INFO o.a.j.t.JMeterThread: Thread finished: 查看我的订单 2-147
2020-01-03 00:08:31,936 INFO o.a.j.t.JMeterThread: Stopping because end time detected by thread: 查看我的订单 2-11
2020-01-03 00:08:31,936 INFO o.a.j.t.JMeterThread: Thread finished: 查看我的订单 2-11
2020-01-03 00:08:32,065 INFO o.a.j.t.JMeterThread: Stopping because end time detected by thread: 查看我的订单 2-28
2020-01-03 00:08:32,065 INFO o.a.j.t.JMeterThread: Thread finished: 查看我的订单 2-28
2020-01-03 00:08:32,096 INFO o.a.j.t.JMeterThread: Stopping because end time detected by thread: 查看我的订单 2-127
2020-01-03 00:08:32,096 INFO o.a.j.t.JMeterThread: Thread finished: 查看我的订单 2-127
2020-01-03 00:08:33,117 INFO o.a.j.t.JMeterThread: Stopping because end time detected by thread: 查看我的订单 2-121
2020-01-03 00:08:33,117 INFO o.a.j.t.JMeterThread: Thread finished: 查看我的订单 2-121
2020-01-03 00:08:33,117 INFO o.a.j.t.JMeterThread: Stopping because end time detected by thread: 查看我的订单 2-2
2020-01-03 00:08:33,117 INFO o.a.j.t.JMeterThread: Thread finished: 查看我的订单 2-2
2020-01-03 00:08:33,133 INFO o.a.j.t.JMeterThread: Stopping because end time detected by thread: 查看我的订单 2-125
2020-01-03 00:08:33,133 INFO o.a.j.t.JMeterThread: Thread finished: 查看我的订单 2-125
2020-01-03 00:08:33,133 INFO o.a.j.t.JMeterThread: Stopping because end time detected by thread: 查看我的订单 2-153
2020-01-03 00:08:33,133 INFO o.a.j.t.JMeterThread: Thread finished: 查看我的订单 2-153
2020-01-03 00:08:33,149 INFO o.a.j.t.JMeterThread: Stopping because end time detected by thread: 查看我的订单 2-31
2020-01-03 00:08:33,149 INFO o.a.j.t.JMeterThread: Thread finished: 查看我的订单 2-31
2020-01-03 00:08:33,917 INFO o.a.j.t.JMeterThread: Stopping because end time detected by thread: 查看我的订单 2-122
2020-01-03 00:08:33,917 INFO o.a.j.t.JMeterThread: Thread finished: 查看我的订单 2-122
2020-01-03 00:08:33,917 INFO o.a.j.t.JMeterThread: Stopping because end time detected by thread: 查看我的订单 2-39
2020-01-03 00:08:33,917 INFO o.a.j.t.JMeterThread: Thread finished: 查看我的订单 2-39
2020-01-03 00:08:33,933 INFO o.a.j.t.JMeterThread: Stopping because end time detected by thread: 查看我的订单 2-123
2020-01-03 00:08:33,933 INFO o.a.j.t.JMeterThread: Thread finished: 查看我的订单 2-123
2020-01-03 00:08:33,966 INFO o.a.j.t.JMeterThread: Stopping because end time detected by thread: 查看我的订单 2-91
2020-01-03 00:08:33,966 INFO o.a.j.t.JMeterThread: Thread finished: 查看我的订单 2-91
2020-01-03 00:08:33,966 INFO o.a.j.t.JMeterThread: Stopping because end time detected by thread: 查看我的订单 2-93
2020-01-03 00:08:33,966 INFO o.a.j.t.JMeterThread: Thread finished: 查看我的订单 2-93
2020-01-03 00:08:34,075 INFO o.a.j.t.JMeterThread: Stopping because end time detected by thread: 查看我的订单 2-120
2020-01-03 00:08:34,075 INFO o.a.j.t.JMeterThread: Thread finished: 查看我的订单 2-120
2020-01-03 00:08:34,075 INFO o.a.j.t.JMeterThread: Stopping because end time detected by thread: 查看我的订单 2-119
2020-01-03 00:08:34,075 INFO o.a.j.t.JMeterThread: Thread finished: 查看我的订单 2-119
2020-01-03 00:08:34,075 INFO o.a.j.t.JMeterThread: Stopping because end time detected by thread: 查看我的订单 2-13
2020-01-03 00:08:34,075 INFO o.a.j.t.JMeterThread: Thread finished: 查看我的订单 2-13
2020-01-03 00:08:34,843 INFO o.a.j.t.JMeterThread: Stopping because end time detected by thread: 查看我的订单 2-20
2020-01-03 00:08:34,843 INFO o.a.j.t.JMeterThread: Thread finished: 查看我的订单 2-20
2020-01-03 00:08:34,890 INFO o.a.j.t.JMeterThread: Stopping because end time detected by thread: 查看我的订单 2-118
2020-01-03 00:08:34,890 INFO o.a.j.t.JMeterThread: Thread finished: 查看我的订单 2-118
2020-01-03 00:08:34,929 INFO o.a.j.t.JMeterThread: Stopping because end time detected by thread: 查看我的订单 2-129
2020-01-03 00:08:34,929 INFO o.a.j.t.JMeterThread: Thread finished: 查看我的订单 2-129
2020-01-03 00:08:35,043 INFO o.a.j.t.JMeterThread: Stopping because end time detected by thread: 查看我的订单 2-85
2020-01-03 00:08:35,043 INFO o.a.j.t.JMeterThread: Thread finished: 查看我的订单 2-85
2020-01-03 00:08:36,327 INFO o.a.j.t.JMeterThread: Stopping because end time detected by thread: 查看我的订单 2-4
2020-01-03 00:08:36,327 INFO o.a.j.t.JMeterThread: Thread finished: 查看我的订单 2-4
2020-01-03 00:08:36,616 INFO o.a.j.t.JMeterThread: Stopping because end time detected by thread: 查看我的订单 2-116
2020-01-03 00:08:36,616 INFO o.a.j.t.JMeterThread: Thread finished: 查看我的订单 2-116
2020-01-03 00:08:36,616 INFO o.a.j.t.JMeterThread: Stopping because end time detected by thread: 查看我的订单 2-115
2020-01-03 00:08:36,616 INFO o.a.j.t.JMeterThread: Thread finished: 查看我的订单 2-115
2020-01-03 00:08:37,388 INFO o.a.j.t.JMeterThread: Stopping because end time detected by thread: 查看我的订单 2-113
2020-01-03 00:08:37,388 INFO o.a.j.t.JMeterThread: Thread finished: 查看我的订单 2-113
2020-01-03 00:08:37,420 INFO o.a.j.t.JMeterThread: Stopping because end time detected by thread: 查看我的订单 2-126
2020-01-03 00:08:37,420 INFO o.a.j.t.JMeterThread: Thread finished: 查看我的订单 2-126
2020-01-03 00:08:38,390 INFO o.a.j.t.JMeterThread: Stopping because end time detected by thread: 查看我的订单 2-14
2020-01-03 00:08:38,390 INFO o.a.j.t.JMeterThread: Thread finished: 查看我的订单 2-14
2020-01-03 00:08:38,390 INFO o.a.j.t.JMeterThread: Stopping because end time detected by thread: 查看我的订单 2-124
2020-01-03 00:08:38,390 INFO o.a.j.t.JMeterThread: Stopping because end time detected by thread: 查看我的订单 2-41
2020-01-03 00:08:38,390 INFO o.a.j.t.JMeterThread: Thread finished: 查看我的订单 2-124
2020-01-03 00:08:38,390 INFO o.a.j.t.JMeterThread: Thread finished: 查看我的订单 2-41
2020-01-03 00:08:38,405 INFO o.a.j.t.JMeterThread: Stopping because end time detected by thread: 查看我的订单 2-38
2020-01-03 00:08:38,405 INFO o.a.j.t.JMeterThread: Thread finished: 查看我的订单 2-38
2020-01-03 00:08:38,437 INFO o.a.j.t.JMeterThread: Stopping because end time detected by thread: 查看我的订单 2-61
2020-01-03 00:08:38,437 INFO o.a.j.t.JMeterThread: Thread finished: 查看我的订单 2-61
2020-01-03 00:08:38,452 INFO o.a.j.t.JMeterThread: Stopping because end time detected by thread: 查看我的订单 2-95
2020-01-03 00:08:38,452 INFO o.a.j.t.JMeterThread: Thread finished: 查看我的订单 2-95
2020-01-03 00:08:38,452 INFO o.a.j.t.JMeterThread: Stopping because end time detected by thread: 查看我的订单 2-111
2020-01-03 00:08:38,452 INFO o.a.j.t.JMeterThread: Thread finished: 查看我的订单 2-111
2020-01-03 00:08:38,608 INFO o.a.j.t.JMeterThread: Stopping because end time detected by thread: 查看我的订单 2-12
2020-01-03 00:08:38,608 INFO o.a.j.t.JMeterThread: Thread finished: 查看我的订单 2-12
2020-01-03 00:08:38,623 INFO o.a.j.t.JMeterThread: Stopping because end time detected by thread: 查看我的订单 2-128
2020-01-03 00:08:38,623 INFO o.a.j.t.JMeterThread: Thread finished: 查看我的订单 2-128
2020-01-03 00:08:38,655 INFO o.a.j.t.JMeterThread: Stopping because end time detected by thread: 查看我的订单 2-109
2020-01-03 00:08:38,655 INFO o.a.j.t.JMeterThread: Thread finished: 查看我的订单 2-109
2020-01-03 00:08:39,499 INFO o.a.j.t.JMeterThread: Stopping because end time detected by thread: 查看我的订单 2-107
2020-01-03 00:08:39,499 INFO o.a.j.t.JMeterThread: Thread finished: 查看我的订单 2-107
2020-01-03 00:08:39,607 INFO o.a.j.t.JMeterThread: Stopping because end time detected by thread: 查看我的订单 2-21
2020-01-03 00:08:39,607 INFO o.a.j.t.JMeterThread: Thread finished: 查看我的订单 2-21
2020-01-03 00:08:39,645 INFO o.a.j.t.JMeterThread: Stopping because end time detected by thread: 查看我的订单 2-6
2020-01-03 00:08:39,645 INFO o.a.j.t.JMeterThread: Thread finished: 查看我的订单 2-6
2020-01-03 00:08:39,692 INFO o.a.j.t.JMeterThread: Stopping because end time detected by thread: 查看我的订单 2-106
2020-01-03 00:08:39,692 INFO o.a.j.t.JMeterThread: Thread finished: 查看我的订单 2-106
2020-01-03 00:08:39,707 INFO o.a.j.t.JMeterThread: Stopping because end time detected by thread: 查看我的订单 2-104
2020-01-03 00:08:39,707 INFO o.a.j.t.JMeterThread: Thread finished: 查看我的订单 2-104
2020-01-03 00:08:39,770 INFO o.a.j.t.JMeterThread: Stopping because end time detected by thread: 查看我的订单 2-114
2020-01-03 00:08:39,770 INFO o.a.j.t.JMeterThread: Thread finished: 查看我的订单 2-114
2020-01-03 00:08:39,785 INFO o.a.j.t.JMeterThread: Stopping because end time detected by thread: 查看我的订单 2-103
2020-01-03 00:08:39,785 INFO o.a.j.t.JMeterThread: Thread finished: 查看我的订单 2-103
2020-01-03 00:08:39,785 INFO o.a.j.t.JMeterThread: Stopping because end time detected by thread: 查看我的订单 2-112
2020-01-03 00:08:39,785 INFO o.a.j.t.JMeterThread: Thread finished: 查看我的订单 2-112
2020-01-03 00:08:40,712 INFO o.a.j.t.JMeterThread: Stopping because end time detected by thread: 查看我的订单 2-37
2020-01-03 00:08:40,712 INFO o.a.j.t.JMeterThread: Thread finished: 查看我的订单 2-37
2020-01-03 00:08:40,728 INFO o.a.j.t.JMeterThread: Stopping because end time detected by thread: 查看我的订单 2-78
2020-01-03 00:08:40,728 INFO o.a.j.t.JMeterThread: Thread finished: 查看我的订单 2-78
2020-01-03 00:08:40,806 INFO o.a.j.t.JMeterThread: Stopping because end time detected by thread: 查看我的订单 2-102
2020-01-03 00:08:40,806 INFO o.a.j.t.JMeterThread: Thread finished: 查看我的订单 2-102
2020-01-03 00:08:41,765 INFO o.a.j.t.JMeterThread: Stopping because end time detected by thread: 查看我的订单 2-133
2020-01-03 00:08:41,765 INFO o.a.j.t.JMeterThread: Thread finished: 查看我的订单 2-133
2020-01-03 00:08:41,765 INFO o.a.j.t.JMeterThread: Stopping because end time detected by thread: 查看我的订单 2-110
2020-01-03 00:08:41,765 INFO o.a.j.t.JMeterThread: Thread finished: 查看我的订单 2-110
2020-01-03 00:08:41,765 INFO o.a.j.t.JMeterThread: Stopping because end time detected by thread: 查看我的订单 2-108
2020-01-03 00:08:41,765 INFO o.a.j.t.JMeterThread: Thread finished: 查看我的订单 2-108
2020-01-03 00:08:42,055 INFO o.a.j.t.JMeterThread: Stopping because end time detected by thread: 查看我的订单 2-117
2020-01-03 00:08:42,055 INFO o.a.j.t.JMeterThread: Thread finished: 查看我的订单 2-117
2020-01-03 00:08:43,702 INFO o.a.j.t.JMeterThread: Stopping because end time detected by thread: 查看我的订单 2-105
2020-01-03 00:08:43,702 INFO o.a.j.t.JMeterThread: Thread finished: 查看我的订单 2-105
2020-01-03 00:08:43,742 INFO o.a.j.t.JMeterThread: Stopping because end time detected by thread: 查看我的订单 2-77
2020-01-03 00:08:43,742 INFO o.a.j.t.JMeterThread: Thread finished: 查看我的订单 2-77
2020-01-03 00:08:43,792 INFO o.a.j.t.JMeterThread: Stopping because end time detected by thread: 查看我的订单 2-86
2020-01-03 00:08:43,792 INFO o.a.j.t.JMeterThread: Thread finished: 查看我的订单 2-86
2020-01-03 00:08:43,802 INFO o.a.j.t.JMeterThread: Stopping because end time detected by thread: 查看我的订单 2-46
2020-01-03 00:08:43,802 INFO o.a.j.t.JMeterThread: Thread finished: 查看我的订单 2-46
2020-01-03 00:08:44,963 INFO o.a.j.t.JMeterThread: Stopping because end time detected by thread: 查看我的订单 2-48
2020-01-03 00:08:44,963 INFO o.a.j.t.JMeterThread: Thread finished: 查看我的订单 2-48
2020-01-03 00:08:45,762 INFO o.a.j.t.JMeterThread: Stopping because end time detected by thread: 查看我的订单 2-101
2020-01-03 00:08:45,762 INFO o.a.j.t.JMeterThread: Thread finished: 查看我的订单 2-101
2020-01-03 00:08:46,119 INFO o.a.j.t.JMeterThread: Stopping because end time detected by thread: 查看我的订单 2-73
2020-01-03 00:08:46,119 INFO o.a.j.t.JMeterThread: Thread finished: 查看我的订单 2-73
2020-01-03 00:08:47,206 INFO o.a.j.t.JMeterThread: Stopping because end time detected by thread: 查看我的订单 2-45
2020-01-03 00:08:47,206 INFO o.a.j.t.JMeterThread: Thread finished: 查看我的订单 2-45
2020-01-03 00:08:48,050 INFO o.a.j.t.JMeterThread: Stopping because end time detected by thread: 查看我的订单 2-32
2020-01-03 00:08:48,050 INFO o.a.j.t.JMeterThread: Thread finished: 查看我的订单 2-32
2020-01-03 00:08:48,173 INFO o.a.j.t.JMeterThread: Stopping because end time detected by thread: 查看我的订单 2-68
2020-01-03 00:08:48,173 INFO o.a.j.t.JMeterThread: Thread finished: 查看我的订单 2-68
2020-01-03 00:08:48,203 INFO o.a.j.t.JMeterThread: Stopping because end time detected by thread: 查看我的订单 2-97
2020-01-03 00:08:48,203 INFO o.a.j.t.JMeterThread: Thread finished: 查看我的订单 2-97
2020-01-03 00:08:48,203 INFO o.a.j.t.JMeterThread: Stopping because end time detected by thread: 查看我的订单 2-74
2020-01-03 00:08:48,203 INFO o.a.j.t.JMeterThread: Thread finished: 查看我的订单 2-74
2020-01-03 00:08:50,915 INFO o.a.j.t.JMeterThread: Stopping because end time detected by thread: 查看我的订单 2-22
2020-01-03 00:08:50,915 INFO o.a.j.t.JMeterThread: Thread finished: 查看我的订单 2-22
2020-01-03 00:08:51,054 INFO o.a.j.t.JMeterThread: Stopping because end time detected by thread: 查看我的订单 2-81
2020-01-03 00:08:51,054 INFO o.a.j.t.JMeterThread: Thread finished: 查看我的订单 2-81
2020-01-03 00:08:51,132 INFO o.a.j.t.JMeterThread: Stopping because end time detected by thread: 查看我的订单 2-82
2020-01-03 00:08:51,132 INFO o.a.j.t.JMeterThread: Thread finished: 查看我的订单 2-82
2020-01-03 00:08:51,951 INFO o.a.j.t.JMeterThread: Stopping because end time detected by thread: 查看我的订单 2-75
2020-01-03 00:08:51,951 INFO o.a.j.t.JMeterThread: Thread finished: 查看我的订单 2-75
2020-01-03 00:08:52,007 INFO o.a.j.t.JMeterThread: Stopping because end time detected by thread: 查看我的订单 2-7
2020-01-03 00:08:52,007 INFO o.a.j.t.JMeterThread: Thread finished: 查看我的订单 2-7
2020-01-03 00:08:52,025 INFO o.a.j.t.JMeterThread: Stopping because end time detected by thread: 查看我的订单 2-72
2020-01-03 00:08:52,025 INFO o.a.j.t.JMeterThread: Thread finished: 查看我的订单 2-72
2020-01-03 00:08:53,176 INFO o.a.j.t.JMeterThread: Stopping because end time detected by thread: 查看我的订单 2-50
2020-01-03 00:08:53,176 INFO o.a.j.t.JMeterThread: Thread finished: 查看我的订单 2-50
2020-01-03 00:08:55,547 INFO o.a.j.t.JMeterThread: Stopping because end time detected by thread: 查看我的订单 2-79
2020-01-03 00:08:55,547 INFO o.a.j.t.JMeterThread: Thread finished: 查看我的订单 2-79
2020-01-03 00:08:56,664 INFO o.a.j.t.JMeterThread: Stopping because end time detected by thread: 查看我的订单 2-67
2020-01-03 00:08:56,664 INFO o.a.j.t.JMeterThread: Thread finished: 查看我的订单 2-67
2020-01-03 00:08:57,613 INFO o.a.j.t.JMeterThread: Stopping because end time detected by thread: 查看我的订单 2-19
2020-01-03 00:08:57,613 INFO o.a.j.t.JMeterThread: Thread finished: 查看我的订单 2-19
2020-01-03 00:08:58,408 INFO o.a.j.t.JMeterThread: Stopping because end time detected by thread: 查看我的订单 2-200
2020-01-03 00:08:58,408 INFO o.a.j.t.JMeterThread: Thread finished: 查看我的订单 2-200
2020-01-03 00:08:58,424 INFO o.a.j.t.JMeterThread: Stopping because end time detected by thread: 查看我的订单 2-88
2020-01-03 00:08:58,424 INFO o.a.j.t.JMeterThread: Thread finished: 查看我的订单 2-88
2020-01-03 00:08:58,455 INFO o.a.j.t.JMeterThread: Stopping because end time detected by thread: 查看我的订单 2-40
2020-01-03 00:08:58,455 INFO o.a.j.t.JMeterThread: Thread finished: 查看我的订单 2-40
2020-01-03 00:08:58,487 INFO o.a.j.t.JMeterThread: Stopping because end time detected by thread: 查看我的订单 2-63
2020-01-03 00:08:58,487 INFO o.a.j.t.JMeterThread: Thread finished: 查看我的订单 2-63
2020-01-03 00:08:58,517 INFO o.a.j.t.JMeterThread: Stopping because end time detected by thread: 查看我的订单 2-44
2020-01-03 00:08:58,517 INFO o.a.j.t.JMeterThread: Thread finished: 查看我的订单 2-44
2020-01-03 00:08:58,533 INFO o.a.j.t.JMeterThread: Stopping because end time detected by thread: 查看我的订单 2-30
2020-01-03 00:08:58,533 INFO o.a.j.t.JMeterThread: Thread finished: 查看我的订单 2-30
2020-01-03 00:08:58,533 INFO o.a.j.t.JMeterThread: Stopping because end time detected by thread: 查看我的订单 2-64
2020-01-03 00:08:58,533 INFO o.a.j.t.JMeterThread: Thread finished: 查看我的订单 2-64
2020-01-03 00:08:58,533 INFO o.a.j.t.JMeterThread: Stopping because end time detected by thread: 查看我的订单 2-193
2020-01-03 00:08:58,533 INFO o.a.j.t.JMeterThread: Thread finished: 查看我的订单 2-193
2020-01-03 00:08:58,533 INFO o.a.j.t.JMeterThread: Stopping because end time detected by thread: 查看我的订单 2-191
2020-01-03 00:08:58,533 INFO o.a.j.t.JMeterThread: Thread finished: 查看我的订单 2-191
2020-01-03 00:08:58,996 INFO o.a.j.t.JMeterThread: Stopping because end time detected by thread: 查看我的订单 2-192
2020-01-03 00:08:58,996 INFO o.a.j.t.JMeterThread: Thread finished: 查看我的订单 2-192
2020-01-03 00:08:59,847 INFO o.a.j.t.JMeterThread: Stopping because end time detected by thread: 查看我的订单 2-195
2020-01-03 00:08:59,847 INFO o.a.j.t.JMeterThread: Thread finished: 查看我的订单 2-195
2020-01-03 00:08:59,862 INFO o.a.j.t.JMeterThread: Stopping because end time detected by thread: 查看我的订单 2-194
2020-01-03 00:08:59,862 INFO o.a.j.t.JMeterThread: Thread finished: 查看我的订单 2-194
2020-01-03 00:08:59,862 INFO o.a.j.t.JMeterThread: Stopping because end time detected by thread: 查看我的订单 2-76
2020-01-03 00:08:59,862 INFO o.a.j.t.JMeterThread: Thread finished: 查看我的订单 2-76
2020-01-03 00:08:59,956 INFO o.a.j.t.JMeterThread: Stopping because end time detected by thread: 查看我的订单 2-65
2020-01-03 00:08:59,956 INFO o.a.j.t.JMeterThread: Thread finished: 查看我的订单 2-65
2020-01-03 00:09:00,008 INFO o.a.j.r.Summariser: summary +    106 in 00:00:29 =    3.6/s Avg: 48838 Min: 46048 Max: 54708 Err:     0 (0.00%) Active: 43 Started: 201 Finished: 158
2020-01-03 00:09:00,028 INFO o.a.j.t.JMeterThread: Stopping because end time detected by thread: 查看我的订单 2-59
2020-01-03 00:09:00,028 INFO o.a.j.t.JMeterThread: Thread finished: 查看我的订单 2-59
2020-01-03 00:09:00,060 INFO o.a.j.t.JMeterThread: Stopping because end time detected by thread: 查看我的订单 2-187
2020-01-03 00:09:00,060 INFO o.a.j.t.JMeterThread: Thread finished: 查看我的订单 2-187
2020-01-03 00:09:00,060 INFO o.a.j.t.JMeterThread: Stopping because end time detected by thread: 查看我的订单 2-60
2020-01-03 00:09:00,060 INFO o.a.j.t.JMeterThread: Thread finished: 查看我的订单 2-60
2020-01-03 00:09:01,003 INFO o.a.j.t.JMeterThread: Stopping because end time detected by thread: 查看我的订单 2-15
2020-01-03 00:09:01,003 INFO o.a.j.t.JMeterThread: Thread finished: 查看我的订单 2-15
2020-01-03 00:09:01,100 INFO o.a.j.t.JMeterThread: Stopping because end time detected by thread: 查看我的订单 2-183
2020-01-03 00:09:01,100 INFO o.a.j.t.JMeterThread: Thread finished: 查看我的订单 2-183
2020-01-03 00:09:01,746 INFO o.a.j.t.JMeterThread: Stopping because end time detected by thread: 查看我的订单 2-185
2020-01-03 00:09:01,762 INFO o.a.j.t.JMeterThread: Thread finished: 查看我的订单 2-185
2020-01-03 00:09:01,859 INFO o.a.j.t.JMeterThread: Stopping because end time detected by thread: 查看我的订单 2-182
2020-01-03 00:09:01,859 INFO o.a.j.t.JMeterThread: Thread finished: 查看我的订单 2-182
2020-01-03 00:09:01,947 INFO o.a.j.t.JMeterThread: Stopping because end time detected by thread: 查看我的订单 2-180
2020-01-03 00:09:01,963 INFO o.a.j.t.JMeterThread: Thread finished: 查看我的订单 2-180
2020-01-03 00:09:01,963 INFO o.a.j.t.JMeterThread: Stopping because end time detected by thread: 查看我的订单 2-196
2020-01-03 00:09:01,963 INFO o.a.j.t.JMeterThread: Thread finished: 查看我的订单 2-196
2020-01-03 00:09:01,963 INFO o.a.j.t.JMeterThread: Stopping because end time detected by thread: 查看我的订单 2-5
2020-01-03 00:09:01,963 INFO o.a.j.t.JMeterThread: Thread finished: 查看我的订单 2-5
2020-01-03 00:09:01,978 INFO o.a.j.t.JMeterThread: Stopping because end time detected by thread: 查看我的订单 2-181
2020-01-03 00:09:01,978 INFO o.a.j.t.JMeterThread: Thread finished: 查看我的订单 2-181
2020-01-03 00:09:01,978 INFO o.a.j.t.JMeterThread: Stopping because end time detected by thread: 查看我的订单 2-43
2020-01-03 00:09:01,994 INFO o.a.j.t.JMeterThread: Thread finished: 查看我的订单 2-43
2020-01-03 00:09:01,994 INFO o.a.j.t.JMeterThread: Stopping because end time detected by thread: 查看我的订单 2-66
2020-01-03 00:09:01,994 INFO o.a.j.t.JMeterThread: Thread finished: 查看我的订单 2-66
2020-01-03 00:09:02,043 INFO o.a.j.t.JMeterThread: Stopping because end time detected by thread: 查看我的订单 2-80
2020-01-03 00:09:02,043 INFO o.a.j.t.JMeterThread: Thread finished: 查看我的订单 2-80
2020-01-03 00:09:02,058 INFO o.a.j.t.JMeterThread: Stopping because end time detected by thread: 查看我的订单 2-198
2020-01-03 00:09:02,059 INFO o.a.j.t.JMeterThread: Thread finished: 查看我的订单 2-198
2020-01-03 00:09:02,122 INFO o.a.j.t.JMeterThread: Stopping because end time detected by thread: 查看我的订单 2-197
2020-01-03 00:09:02,122 INFO o.a.j.t.JMeterThread: Thread finished: 查看我的订单 2-197
2020-01-03 00:09:02,899 INFO o.a.j.t.JMeterThread: Stopping because end time detected by thread: 查看我的订单 2-190
2020-01-03 00:09:02,901 INFO o.a.j.t.JMeterThread: Thread finished: 查看我的订单 2-190
2020-01-03 00:09:02,911 INFO o.a.j.t.JMeterThread: Stopping because end time detected by thread: 查看我的订单 2-188
2020-01-03 00:09:02,911 INFO o.a.j.t.JMeterThread: Thread finished: 查看我的订单 2-188
2020-01-03 00:09:02,971 INFO o.a.j.t.JMeterThread: Stopping because end time detected by thread: 查看我的订单 2-71
2020-01-03 00:09:02,971 INFO o.a.j.t.JMeterThread: Thread finished: 查看我的订单 2-71
2020-01-03 00:09:03,708 INFO o.a.j.t.JMeterThread: Stopping because end time detected by thread: 查看我的订单 2-10
2020-01-03 00:09:03,708 INFO o.a.j.t.JMeterThread: Thread finished: 查看我的订单 2-10
2020-01-03 00:09:03,880 INFO o.a.j.t.JMeterThread: Stopping because end time detected by thread: 查看我的订单 2-169
2020-01-03 00:09:03,880 INFO o.a.j.t.JMeterThread: Thread finished: 查看我的订单 2-169
2020-01-03 00:09:03,896 INFO o.a.j.t.JMeterThread: Stopping because end time detected by thread: 查看我的订单 2-96
2020-01-03 00:09:03,896 INFO o.a.j.t.JMeterThread: Thread finished: 查看我的订单 2-96
2020-01-03 00:09:03,958 INFO o.a.j.t.JMeterThread: Stopping because end time detected by thread: 查看我的订单 2-186
2020-01-03 00:09:03,958 INFO o.a.j.t.JMeterThread: Thread finished: 查看我的订单 2-186
2020-01-03 00:09:03,992 INFO o.a.j.t.JMeterThread: Stopping because end time detected by thread: 查看我的订单 2-167
2020-01-03 00:09:03,992 INFO o.a.j.t.JMeterThread: Thread finished: 查看我的订单 2-167
2020-01-03 00:09:04,091 INFO o.a.j.t.JMeterThread: Stopping because end time detected by thread: 查看我的订单 2-199
2020-01-03 00:09:04,091 INFO o.a.j.t.JMeterThread: Thread finished: 查看我的订单 2-199
2020-01-03 00:09:04,123 INFO o.a.j.t.JMeterThread: Stopping because end time detected by thread: 查看我的订单 2-177
2020-01-03 00:09:04,123 INFO o.a.j.t.JMeterThread: Thread finished: 查看我的订单 2-177
2020-01-03 00:09:04,169 INFO o.a.j.t.JMeterThread: Stopping because end time detected by thread: 查看我的订单 2-175
2020-01-03 00:09:04,169 INFO o.a.j.t.JMeterThread: Thread finished: 查看我的订单 2-175
2020-01-03 00:09:04,229 INFO o.a.j.t.JMeterThread: Stopping because end time detected by thread: 查看我的订单 2-179
2020-01-03 00:09:04,229 INFO o.a.j.t.JMeterThread: Thread finished: 查看我的订单 2-179
2020-01-03 00:09:05,958 INFO o.a.j.t.JMeterThread: Stopping because end time detected by thread: 查看我的订单 2-174
2020-01-03 00:09:05,958 INFO o.a.j.t.JMeterThread: Thread finished: 查看我的订单 2-174
2020-01-03 00:09:07,758 INFO o.a.j.r.Summariser: summary =   1072 in 00:03:09 =    5.7/s Avg:  5936 Min:    27 Max: 30766 Err:    19 (1.77%)
2020-01-03 00:09:07,758 INFO o.a.j.t.JMeterThread: Stopping because end time detected by thread: 查看我的订单 2-17
2020-01-03 00:09:07,758 INFO o.a.j.t.JMeterThread: Thread finished: 查看我的订单 2-17
2020-01-03 00:09:07,789 INFO o.a.j.r.Summariser: summary =   1847 in 00:06:38 =    4.6/s Avg: 16429 Min:    27 Max: 48415 Err:    20 (1.08%)
2020-01-03 00:09:07,789 INFO o.a.j.r.Summariser: summary =   1576 in 00:05:37 =    4.7/s Avg: 12672 Min:    27 Max: 44781 Err:    20 (1.27%)
2020-01-03 00:09:07,789 INFO o.a.j.r.Summariser: summary =   1736 in 00:06:07 =    4.7/s Avg: 14736 Min:    27 Max: 44781 Err:    20 (1.15%)
2020-01-03 00:09:07,789 INFO o.a.j.t.JMeterThread: Stopping because end time detected by thread: 查看我的订单 2-184
2020-01-03 00:09:07,789 INFO o.a.j.t.JMeterThread: Thread finished: 查看我的订单 2-184
2020-01-03 00:09:07,789 INFO o.a.j.r.Summariser: summary =   1953 in 00:07:07 =    4.6/s Avg: 18188 Min:    27 Max: 54708 Err:    20 (1.02%)
2020-01-03 00:09:07,789 INFO o.a.j.r.Summariser: summary =   1380 in 00:04:37 =    5.0/s Avg: 10046 Min:    27 Max: 41839 Err:    20 (1.45%)
2020-01-03 00:09:07,789 INFO o.a.j.r.Summariser: summary =   1477 in 00:05:08 =    4.8/s Avg: 11262 Min:    27 Max: 41839 Err:    20 (1.35%)
2020-01-03 00:09:07,789 INFO o.a.j.r.Summariser: summary =   1277 in 00:04:07 =    5.2/s Avg:  8752 Min:    27 Max: 41839 Err:    20 (1.57%)
2020-01-03 00:09:07,789 INFO o.a.j.r.Summariser: summary =   1160 in 00:03:39 =    5.3/s Avg:  7217 Min:    27 Max: 41839 Err:    20 (1.72%)
2020-01-03 00:09:07,789 INFO o.a.j.t.JMeterThread: Stopping because end time detected by thread: 查看我的订单 2-42
2020-01-03 00:09:07,789 INFO o.a.j.t.JMeterThread: Thread finished: 查看我的订单 2-42
2020-01-03 00:09:07,789 INFO o.a.j.t.JMeterThread: Stopping because end time detected by thread: 查看我的订单 2-99
2020-01-03 00:09:07,789 INFO o.a.j.t.JMeterThread: Thread finished: 查看我的订单 2-99
2020-01-03 00:09:07,789 INFO o.a.j.t.JMeterThread: Stopping because end time detected by thread: 查看我的订单 2-33
2020-01-03 00:09:07,789 INFO o.a.j.t.JMeterThread: Thread finished: 查看我的订单 2-33
2020-01-03 00:09:07,805 INFO o.a.j.t.JMeterThread: Stopping because end time detected by thread: 查看我的订单 2-189
2020-01-03 00:09:07,805 INFO o.a.j.t.JMeterThread: Thread finished: 查看我的订单 2-189
2020-01-03 00:09:07,805 INFO o.a.j.t.JMeterThread: Stopping because end time detected by thread: 查看我的订单 2-69
2020-01-03 00:09:07,805 INFO o.a.j.t.JMeterThread: Thread finished: 查看我的订单 2-69
2020-01-03 00:09:07,805 INFO o.a.j.t.JMeterThread: Stopping because end time detected by thread: 查看我的订单 2-26
2020-01-03 00:09:07,805 INFO o.a.j.t.JMeterThread: Thread finished: 查看我的订单 2-26
2020-01-03 00:09:07,805 INFO o.a.j.t.JMeterThread: Stopping because end time detected by thread: 查看我的订单 2-83
2020-01-03 00:09:07,805 INFO o.a.j.t.JMeterThread: Thread finished: 查看我的订单 2-83
2020-01-03 00:09:08,050 INFO o.a.j.t.JMeterThread: Stopping because end time detected by thread: 查看我的订单 2-176
2020-01-03 00:09:08,050 INFO o.a.j.t.JMeterThread: Thread finished: 查看我的订单 2-176
2020-01-03 00:09:09,331 INFO o.a.j.t.JMeterThread: Stopping because end time detected by thread: 查看我的订单 2-172
2020-01-03 00:09:09,331 INFO o.a.j.t.JMeterThread: Thread finished: 查看我的订单 2-172
2020-01-03 00:09:11,543 INFO o.a.j.t.JMeterThread: Stopping because end time detected by thread: 查看我的订单 2-58
2020-01-03 00:09:11,543 INFO o.a.j.t.JMeterThread: Thread finished: 查看我的订单 2-58
2020-01-03 00:09:11,543 INFO o.a.j.t.JMeterThread: Stopping because end time detected by thread: 查看我的订单 2-70
2020-01-03 00:09:11,543 INFO o.a.j.t.JMeterThread: Thread finished: 查看我的订单 2-70
2020-01-03 00:09:15,997 INFO o.a.j.t.JMeterThread: Stopping because end time detected by thread: 查看我的订单 2-173
2020-01-03 00:09:15,997 INFO o.a.j.t.JMeterThread: Thread finished: 查看我的订单 2-173
2020-01-03 00:09:16,028 INFO o.a.j.e.StandardJMeterEngine: Notifying test listeners of end of test
2020-01-03 00:09:16,028 INFO o.a.j.r.Summariser: summary +     34 in 00:00:16 =    2.1/s Avg: 50128 Min: 46339 Max: 60353 Err:     0 (0.00%) Active: 0 Started: 201 Finished: 201
2020-01-03 00:09:16,059 INFO o.a.j.r.Summariser: summary =   1987 in 00:07:23 =    4.5/s Avg: 18734 Min:    27 Max: 60353 Err:    20 (1.01%)
2020-01-03 00:09:16,166 INFO o.a.j.JMeter: Generating Dashboard
2020-01-03 00:09:16,167 INFO o.a.j.r.d.ReportGenerator: Flushing result collector before report Generation
2020-01-03 00:09:16,255 INFO o.a.j.r.p.NormalizerSampleConsumer: Using format, 'ms', to parse timeStamp field
2020-01-03 00:09:16,886 INFO o.a.j.r.p.AbstractSampleConsumer: class org.apache.jmeter.report.processor.AggregateConsumer#stopProducing(): beginDate produced 0 samples
2020-01-03 00:09:16,886 INFO o.a.j.r.p.AbstractSampleConsumer: class org.apache.jmeter.report.processor.AggregateConsumer#stopProducing(): endDate produced 0 samples
2020-01-03 00:09:16,895 INFO o.a.j.r.p.AbstractSampleConsumer: class org.apache.jmeter.report.processor.ApdexSummaryConsumer#stopProducing(): apdexSummary produced 0 samples
2020-01-03 00:09:16,895 INFO o.a.j.r.p.AbstractSampleConsumer: class org.apache.jmeter.report.processor.RequestsSummaryConsumer#stopProducing(): requestsSummary produced 0 samples
2020-01-03 00:09:16,907 INFO o.a.j.r.p.AbstractSampleConsumer: class org.apache.jmeter.report.processor.StatisticsSummaryConsumer#stopProducing(): statisticsSummary produced 0 samples
2020-01-03 00:09:16,915 INFO o.a.j.r.p.AbstractSampleConsumer: class org.apache.jmeter.report.processor.Top5ErrorsBySamplerConsumer#stopProducing(): top5ErrorsBySampler produced 0 samples
2020-01-03 00:09:16,915 INFO o.a.j.r.p.AbstractSampleConsumer: class org.apache.jmeter.report.processor.ErrorsSummaryConsumer#stopProducing(): errorsSummary produced 0 samples
2020-01-03 00:09:16,915 INFO o.a.j.r.p.AbstractSampleConsumer: class org.apache.jmeter.report.processor.graph.impl.HitsPerSecondGraphConsumer#stopProducing(): hitsPerSecond produced 0 samples
2020-01-03 00:09:16,985 INFO o.a.j.r.p.AbstractSampleConsumer: class org.apache.jmeter.report.processor.graph.impl.LatencyVSRequestGraphConsumer#stopProducing(): latencyVsRequest produced 0 samples
2020-01-03 00:09:16,985 INFO o.a.j.r.p.AbstractSampleConsumer: class org.apache.jmeter.report.processor.graph.impl.SyntheticResponseTimeDistributionGraphConsumer#stopProducing(): syntheticResponseTimeDistribution produced 0 samples
2020-01-03 00:09:16,985 INFO o.a.j.r.p.AbstractSampleConsumer: class org.apache.jmeter.report.processor.graph.impl.BytesThroughputGraphConsumer#stopProducing(): bytesThroughputOverTime produced 0 samples
2020-01-03 00:09:16,985 INFO o.a.j.r.p.AbstractSampleConsumer: class org.apache.jmeter.report.processor.graph.impl.CodesPerSecondGraphConsumer#stopProducing(): codesPerSecond produced 0 samples
2020-01-03 00:09:17,001 INFO o.a.j.r.p.AbstractSampleConsumer: class org.apache.jmeter.report.processor.graph.impl.ResponseTimeVSRequestGraphConsumer#stopProducing(): responseTimeVsRequest produced 0 samples
2020-01-03 00:09:17,001 INFO o.a.j.r.p.AbstractSampleConsumer: class org.apache.jmeter.report.processor.FilterConsumer#stopProducing(): startIntervalControlerFilter produced 13909 samples
2020-01-03 00:09:17,025 INFO o.a.j.r.p.AbstractSampleConsumer: class org.apache.jmeter.report.processor.graph.impl.TotalTPSGraphConsumer#stopProducing(): totalTPS produced 0 samples
2020-01-03 00:09:17,026 INFO o.a.j.r.p.AbstractSampleConsumer: class org.apache.jmeter.report.processor.graph.impl.ActiveThreadsGraphConsumer#stopProducing(): activeThreadsOverTime produced 0 samples
2020-01-03 00:09:17,026 INFO o.a.j.r.p.AbstractSampleConsumer: class org.apache.jmeter.report.processor.graph.impl.TimeVSThreadGraphConsumer#stopProducing(): timeVsThreads produced 0 samples
2020-01-03 00:09:17,028 INFO o.a.j.r.p.AbstractSampleConsumer: class org.apache.jmeter.report.processor.graph.impl.ResponseTimeDistributionGraphConsumer#stopProducing(): responseTimeDistribution produced 0 samples
2020-01-03 00:09:17,031 INFO o.a.j.r.p.AbstractSampleConsumer: class org.apache.jmeter.report.processor.graph.impl.TransactionsPerSecondGraphConsumer#stopProducing(): transactionsPerSecond produced 0 samples
2020-01-03 00:09:17,031 INFO o.a.j.r.p.AbstractSampleConsumer: class org.apache.jmeter.report.processor.graph.impl.ResponseTimePercentilesGraphConsumer#stopProducing(): responseTimePercentiles produced 0 samples
2020-01-03 00:09:17,031 INFO o.a.j.r.p.AbstractSampleConsumer: class org.apache.jmeter.report.processor.graph.impl.ResponseTimePercentilesOverTimeGraphConsumer#stopProducing(): responseTimePercentilesOverTime produced 0 samples
2020-01-03 00:09:17,068 INFO o.a.j.r.p.AbstractSampleConsumer: class org.apache.jmeter.report.processor.graph.impl.ResponseTimeOverTimeGraphConsumer#stopProducing(): responseTimesOverTime produced 0 samples
2020-01-03 00:09:17,069 INFO o.a.j.r.p.AbstractSampleConsumer: class org.apache.jmeter.report.processor.graph.impl.ConnectTimeOverTimeGraphConsumer#stopProducing(): connectTimeOverTime produced 0 samples
2020-01-03 00:09:17,069 INFO o.a.j.r.p.AbstractSampleConsumer: class org.apache.jmeter.report.processor.graph.impl.LatencyOverTimeGraphConsumer#stopProducing(): latenciesOverTime produced 0 samples
2020-01-03 00:09:17,069 INFO o.a.j.r.p.AbstractSampleConsumer: class org.apache.jmeter.report.processor.FilterConsumer#stopProducing(): nameFilter produced 29805 samples
2020-01-03 00:09:17,069 INFO o.a.j.r.p.AbstractSampleConsumer: class org.apache.jmeter.report.processor.FilterConsumer#stopProducing(): dateRangeFilter produced 5961 samples
2020-01-03 00:09:17,069 INFO o.a.j.r.p.AbstractSampleConsumer: class org.apache.jmeter.report.processor.NormalizerSampleConsumer#stopProducing(): normalizer produced 1987 samples
2020-01-03 00:09:17,070 INFO o.a.j.r.p.CsvFileSampleSource: produce(): 1987 samples produced in 652ms on channel 0
2020-01-03 00:09:17,070 INFO o.a.j.r.d.ReportGenerator: Exporting data using exporter:'json' of className:'org.apache.jmeter.report.dashboard.JsonExporter'
2020-01-03 00:09:17,075 INFO o.a.j.r.d.JsonExporter: Found data for consumer statisticsSummary?in context
2020-01-03 00:09:17,075 INFO o.a.j.r.d.JsonExporter: Creating statistics for overall
2020-01-03 00:09:17,076 INFO o.a.j.r.d.JsonExporter: Creating statistics for other transactions
2020-01-03 00:09:17,077 INFO o.a.j.r.d.JsonExporter: Checking output folder
2020-01-03 00:09:17,078 INFO o.a.j.r.d.JsonExporter: Writing statistics JSON to C:\Users\34684\Desktop\meethere-jmeter-test\search-my-order\report\statistics.json
2020-01-03 00:09:17,530 INFO o.a.j.r.d.ReportGenerator: Exporting data using exporter:'html' of className:'org.apache.jmeter.report.dashboard.HtmlTemplateExporter'
2020-01-03 00:09:17,530 INFO o.a.j.r.d.HtmlTemplateExporter: Will generate dashboard in folder: C:\Users\34684\Desktop\meethere-jmeter-test\search-my-order\report
2020-01-03 00:09:17,646 INFO o.a.j.r.d.HtmlTemplateExporter: Report will be generated in: C:\Users\34684\Desktop\meethere-jmeter-test\search-my-order\report, creating folder structure
2020-01-03 00:09:17,646 INFO o.a.j.r.d.TemplateVisitor: Copying folder from 'C:\Users\34684\apache-jmeter-5.2.1\apache-jmeter-5.2.1\bin\report-template' to 'C:\Users\34684\Desktop\meethere-jmeter-test\search-my-order\report', got message: C:\Users\34684\Desktop\meethere-jmeter-test\search-my-order\report, found non empty folder with following content [C:\Users\34684\Desktop\meethere-jmeter-test\search-my-order\report\statistics.json], will be ignored
2020-01-03 00:09:18,348 INFO o.a.j.JMeter: Dashboard generated
